<?xml version="1.0" encoding="UTF-8"?>
<testsuite xmlns:xsi="http://www.w3.org/2001/XMLSchema-instance" xsi:noNamespaceSchemaLocation="https://maven.apache.org/surefire/maven-surefire-plugin/xsd/surefire-test-report.xsd" name="com.socialservice.controller.VideoControllerTest" time="38.959" tests="2" errors="2" skipped="0" failures="0">
  <properties>
    <property name="gopherProxySet" value="false"/>
    <property name="awt.toolkit" value="sun.lwawt.macosx.LWCToolkit"/>
    <property name="file.encoding.pkg" value="sun.io"/>
    <property name="java.specification.version" value="1.8"/>
    <property name="sun.cpu.isalist" value=""/>
    <property name="sun.jnu.encoding" value="UTF-8"/>
    <property name="java.class.path" value="/Users/aman/Downloads/SocialApplication/target/test-classes:/Users/aman/Downloads/SocialApplication/target/classes:/Users/aman/.m2/repository/org/springframework/boot/spring-boot-starter-data-jpa/2.1.2.RELEASE/spring-boot-starter-data-jpa-2.1.2.RELEASE.jar:/Users/aman/.m2/repository/org/springframework/boot/spring-boot-starter-aop/2.1.2.RELEASE/spring-boot-starter-aop-2.1.2.RELEASE.jar:/Users/aman/.m2/repository/org/springframework/spring-aop/5.1.4.RELEASE/spring-aop-5.1.4.RELEASE.jar:/Users/aman/.m2/repository/org/aspectj/aspectjweaver/1.9.2/aspectjweaver-1.9.2.jar:/Users/aman/.m2/repository/org/springframework/boot/spring-boot-starter-jdbc/2.1.2.RELEASE/spring-boot-starter-jdbc-2.1.2.RELEASE.jar:/Users/aman/.m2/repository/com/zaxxer/HikariCP/3.2.0/HikariCP-3.2.0.jar:/Users/aman/.m2/repository/org/springframework/spring-jdbc/5.1.4.RELEASE/spring-jdbc-5.1.4.RELEASE.jar:/Users/aman/.m2/repository/javax/transaction/javax.transaction-api/1.3/javax.transaction-api-1.3.jar:/Users/aman/.m2/repository/javax/xml/bind/jaxb-api/2.3.1/jaxb-api-2.3.1.jar:/Users/aman/.m2/repository/javax/activation/javax.activation-api/1.2.0/javax.activation-api-1.2.0.jar:/Users/aman/.m2/repository/org/hibernate/hibernate-core/5.3.7.Final/hibernate-core-5.3.7.Final.jar:/Users/aman/.m2/repository/org/jboss/logging/jboss-logging/3.3.2.Final/jboss-logging-3.3.2.Final.jar:/Users/aman/.m2/repository/javax/persistence/javax.persistence-api/2.2/javax.persistence-api-2.2.jar:/Users/aman/.m2/repository/org/javassist/javassist/3.23.1-GA/javassist-3.23.1-GA.jar:/Users/aman/.m2/repository/antlr/antlr/2.7.7/antlr-2.7.7.jar:/Users/aman/.m2/repository/org/jboss/jandex/2.0.5.Final/jandex-2.0.5.Final.jar:/Users/aman/.m2/repository/com/fasterxml/classmate/1.4.0/classmate-1.4.0.jar:/Users/aman/.m2/repository/org/dom4j/dom4j/2.1.1/dom4j-2.1.1.jar:/Users/aman/.m2/repository/org/hibernate/common/hibernate-commons-annotations/5.0.4.Final/hibernate-commons-annotations-5.0.4.Final.jar:/Users/aman/.m2/repository/org/springframework/data/spring-data-jpa/2.1.4.RELEASE/spring-data-jpa-2.1.4.RELEASE.jar:/Users/aman/.m2/repository/org/springframework/data/spring-data-commons/2.1.4.RELEASE/spring-data-commons-2.1.4.RELEASE.jar:/Users/aman/.m2/repository/org/springframework/spring-orm/5.1.4.RELEASE/spring-orm-5.1.4.RELEASE.jar:/Users/aman/.m2/repository/org/springframework/spring-aspects/5.1.4.RELEASE/spring-aspects-5.1.4.RELEASE.jar:/Users/aman/.m2/repository/org/springframework/boot/spring-boot-starter-web/2.1.2.RELEASE/spring-boot-starter-web-2.1.2.RELEASE.jar:/Users/aman/.m2/repository/org/springframework/boot/spring-boot-starter/2.1.2.RELEASE/spring-boot-starter-2.1.2.RELEASE.jar:/Users/aman/.m2/repository/org/springframework/boot/spring-boot/2.1.2.RELEASE/spring-boot-2.1.2.RELEASE.jar:/Users/aman/.m2/repository/org/springframework/boot/spring-boot-autoconfigure/2.1.2.RELEASE/spring-boot-autoconfigure-2.1.2.RELEASE.jar:/Users/aman/.m2/repository/org/springframework/boot/spring-boot-starter-logging/2.1.2.RELEASE/spring-boot-starter-logging-2.1.2.RELEASE.jar:/Users/aman/.m2/repository/ch/qos/logback/logback-classic/1.2.3/logback-classic-1.2.3.jar:/Users/aman/.m2/repository/ch/qos/logback/logback-core/1.2.3/logback-core-1.2.3.jar:/Users/aman/.m2/repository/org/apache/logging/log4j/log4j-to-slf4j/2.11.1/log4j-to-slf4j-2.11.1.jar:/Users/aman/.m2/repository/org/slf4j/jul-to-slf4j/1.7.25/jul-to-slf4j-1.7.25.jar:/Users/aman/.m2/repository/javax/annotation/javax.annotation-api/1.3.2/javax.annotation-api-1.3.2.jar:/Users/aman/.m2/repository/org/springframework/boot/spring-boot-starter-json/2.1.2.RELEASE/spring-boot-starter-json-2.1.2.RELEASE.jar:/Users/aman/.m2/repository/com/fasterxml/jackson/datatype/jackson-datatype-jdk8/2.9.8/jackson-datatype-jdk8-2.9.8.jar:/Users/aman/.m2/repository/com/fasterxml/jackson/datatype/jackson-datatype-jsr310/2.9.8/jackson-datatype-jsr310-2.9.8.jar:/Users/aman/.m2/repository/com/fasterxml/jackson/module/jackson-module-parameter-names/2.9.8/jackson-module-parameter-names-2.9.8.jar:/Users/aman/.m2/repository/org/springframework/boot/spring-boot-starter-tomcat/2.1.2.RELEASE/spring-boot-starter-tomcat-2.1.2.RELEASE.jar:/Users/aman/.m2/repository/org/apache/tomcat/embed/tomcat-embed-core/9.0.14/tomcat-embed-core-9.0.14.jar:/Users/aman/.m2/repository/org/apache/tomcat/embed/tomcat-embed-el/9.0.14/tomcat-embed-el-9.0.14.jar:/Users/aman/.m2/repository/org/apache/tomcat/embed/tomcat-embed-websocket/9.0.14/tomcat-embed-websocket-9.0.14.jar:/Users/aman/.m2/repository/org/hibernate/validator/hibernate-validator/6.0.14.Final/hibernate-validator-6.0.14.Final.jar:/Users/aman/.m2/repository/javax/validation/validation-api/2.0.1.Final/validation-api-2.0.1.Final.jar:/Users/aman/.m2/repository/org/springframework/spring-web/5.1.4.RELEASE/spring-web-5.1.4.RELEASE.jar:/Users/aman/.m2/repository/org/springframework/spring-webmvc/5.1.4.RELEASE/spring-webmvc-5.1.4.RELEASE.jar:/Users/aman/.m2/repository/org/springframework/spring-expression/5.1.4.RELEASE/spring-expression-5.1.4.RELEASE.jar:/Users/aman/.m2/repository/org/springframework/boot/spring-boot-starter-actuator/2.1.2.RELEASE/spring-boot-starter-actuator-2.1.2.RELEASE.jar:/Users/aman/.m2/repository/org/springframework/boot/spring-boot-actuator-autoconfigure/2.1.2.RELEASE/spring-boot-actuator-autoconfigure-2.1.2.RELEASE.jar:/Users/aman/.m2/repository/org/springframework/boot/spring-boot-actuator/2.1.2.RELEASE/spring-boot-actuator-2.1.2.RELEASE.jar:/Users/aman/.m2/repository/io/micrometer/micrometer-core/1.1.4/micrometer-core-1.1.4.jar:/Users/aman/.m2/repository/org/hdrhistogram/HdrHistogram/2.1.9/HdrHistogram-2.1.9.jar:/Users/aman/.m2/repository/org/latencyutils/LatencyUtils/2.0.3/LatencyUtils-2.0.3.jar:/Users/aman/.m2/repository/io/micrometer/micrometer-registry-prometheus/1.1.4/micrometer-registry-prometheus-1.1.4.jar:/Users/aman/.m2/repository/io/prometheus/simpleclient_common/0.5.0/simpleclient_common-0.5.0.jar:/Users/aman/.m2/repository/io/prometheus/simpleclient/0.5.0/simpleclient-0.5.0.jar:/Users/aman/.m2/repository/org/springframework/boot/spring-boot-starter-test/2.1.2.RELEASE/spring-boot-starter-test-2.1.2.RELEASE.jar:/Users/aman/.m2/repository/org/springframework/boot/spring-boot-test/2.1.2.RELEASE/spring-boot-test-2.1.2.RELEASE.jar:/Users/aman/.m2/repository/org/springframework/boot/spring-boot-test-autoconfigure/2.1.2.RELEASE/spring-boot-test-autoconfigure-2.1.2.RELEASE.jar:/Users/aman/.m2/repository/com/jayway/jsonpath/json-path/2.4.0/json-path-2.4.0.jar:/Users/aman/.m2/repository/net/minidev/json-smart/2.3/json-smart-2.3.jar:/Users/aman/.m2/repository/net/minidev/accessors-smart/1.2/accessors-smart-1.2.jar:/Users/aman/.m2/repository/org/ow2/asm/asm/5.0.4/asm-5.0.4.jar:/Users/aman/.m2/repository/org/assertj/assertj-core/3.11.1/assertj-core-3.11.1.jar:/Users/aman/.m2/repository/org/hamcrest/hamcrest-core/1.3/hamcrest-core-1.3.jar:/Users/aman/.m2/repository/org/hamcrest/hamcrest-library/1.3/hamcrest-library-1.3.jar:/Users/aman/.m2/repository/org/skyscreamer/jsonassert/1.5.0/jsonassert-1.5.0.jar:/Users/aman/.m2/repository/com/vaadin/external/google/android-json/0.0.20131108.vaadin1/android-json-0.0.20131108.vaadin1.jar:/Users/aman/.m2/repository/org/springframework/spring-core/5.1.4.RELEASE/spring-core-5.1.4.RELEASE.jar:/Users/aman/.m2/repository/org/springframework/spring-jcl/5.1.4.RELEASE/spring-jcl-5.1.4.RELEASE.jar:/Users/aman/.m2/repository/org/springframework/spring-test/5.1.4.RELEASE/spring-test-5.1.4.RELEASE.jar:/Users/aman/.m2/repository/org/xmlunit/xmlunit-core/2.6.2/xmlunit-core-2.6.2.jar:/Users/aman/.m2/repository/org/springframework/kafka/spring-kafka/2.2.3.RELEASE/spring-kafka-2.2.3.RELEASE.jar:/Users/aman/.m2/repository/org/springframework/spring-context/5.1.4.RELEASE/spring-context-5.1.4.RELEASE.jar:/Users/aman/.m2/repository/org/springframework/spring-messaging/5.1.4.RELEASE/spring-messaging-5.1.4.RELEASE.jar:/Users/aman/.m2/repository/org/springframework/spring-tx/5.1.4.RELEASE/spring-tx-5.1.4.RELEASE.jar:/Users/aman/.m2/repository/org/springframework/retry/spring-retry/1.2.3.RELEASE/spring-retry-1.2.3.RELEASE.jar:/Users/aman/.m2/repository/org/apache/kafka/kafka-clients/2.0.1/kafka-clients-2.0.1.jar:/Users/aman/.m2/repository/org/lz4/lz4-java/1.4.1/lz4-java-1.4.1.jar:/Users/aman/.m2/repository/com/facebook/presto/presto-jdbc/0.215/presto-jdbc-0.215.jar:/Users/aman/.m2/repository/org/springframework/boot/spring-boot-starter-data-redis/2.1.2.RELEASE/spring-boot-starter-data-redis-2.1.2.RELEASE.jar:/Users/aman/.m2/repository/org/springframework/data/spring-data-redis/2.1.4.RELEASE/spring-data-redis-2.1.4.RELEASE.jar:/Users/aman/.m2/repository/org/springframework/data/spring-data-keyvalue/2.1.4.RELEASE/spring-data-keyvalue-2.1.4.RELEASE.jar:/Users/aman/.m2/repository/org/springframework/spring-oxm/5.1.4.RELEASE/spring-oxm-5.1.4.RELEASE.jar:/Users/aman/.m2/repository/io/lettuce/lettuce-core/5.1.3.RELEASE/lettuce-core-5.1.3.RELEASE.jar:/Users/aman/.m2/repository/io/projectreactor/reactor-core/3.2.5.RELEASE/reactor-core-3.2.5.RELEASE.jar:/Users/aman/.m2/repository/org/reactivestreams/reactive-streams/1.0.2/reactive-streams-1.0.2.jar:/Users/aman/.m2/repository/io/netty/netty-common/4.1.31.Final/netty-common-4.1.31.Final.jar:/Users/aman/.m2/repository/io/netty/netty-transport/4.1.31.Final/netty-transport-4.1.31.Final.jar:/Users/aman/.m2/repository/io/netty/netty-buffer/4.1.31.Final/netty-buffer-4.1.31.Final.jar:/Users/aman/.m2/repository/io/netty/netty-resolver/4.1.31.Final/netty-resolver-4.1.31.Final.jar:/Users/aman/.m2/repository/io/netty/netty-handler/4.1.31.Final/netty-handler-4.1.31.Final.jar:/Users/aman/.m2/repository/io/netty/netty-codec/4.1.31.Final/netty-codec-4.1.31.Final.jar:/Users/aman/.m2/repository/org/postgresql/postgresql/42.2.5/postgresql-42.2.5.jar:/Users/aman/.m2/repository/org/projectlombok/lombok/1.18.4/lombok-1.18.4.jar:/Users/aman/.m2/repository/org/liquibase/liquibase-core/3.6.2/liquibase-core-3.6.2.jar:/Users/aman/.m2/repository/org/yaml/snakeyaml/1.23/snakeyaml-1.23.jar:/Users/aman/.m2/repository/org/slf4j/slf4j-api/1.7.25/slf4j-api-1.7.25.jar:/Users/aman/.m2/repository/com/newrelic/agent/java/newrelic-api/3.33.0/newrelic-api-3.33.0.jar:/Users/aman/.m2/repository/org/json/json/20180813/json-20180813.jar:/Users/aman/.m2/repository/com/googlecode/json-simple/json-simple/1.1.1/json-simple-1.1.1.jar:/Users/aman/.m2/repository/com/google/code/gson/gson/2.8.5/gson-2.8.5.jar:/Users/aman/.m2/repository/com/vladmihalcea/hibernate-types-52/2.2.3/hibernate-types-52-2.2.3.jar:/Users/aman/.m2/repository/org/apache/avro/avro/1.8.2/avro-1.8.2.jar:/Users/aman/.m2/repository/org/codehaus/jackson/jackson-core-asl/1.9.13/jackson-core-asl-1.9.13.jar:/Users/aman/.m2/repository/org/codehaus/jackson/jackson-mapper-asl/1.9.13/jackson-mapper-asl-1.9.13.jar:/Users/aman/.m2/repository/com/thoughtworks/paranamer/paranamer/2.7/paranamer-2.7.jar:/Users/aman/.m2/repository/org/xerial/snappy/snappy-java/1.1.1.3/snappy-java-1.1.1.3.jar:/Users/aman/.m2/repository/org/apache/commons/commons-compress/1.8.1/commons-compress-1.8.1.jar:/Users/aman/.m2/repository/org/tukaani/xz/1.5/xz-1.5.jar:/Users/aman/.m2/repository/redis/clients/jedis/2.9.0/jedis-2.9.0.jar:/Users/aman/.m2/repository/org/apache/commons/commons-pool2/2.6.0/commons-pool2-2.6.0.jar:/Users/aman/.m2/repository/org/springframework/spring-context-support/4.2.4.RELEASE/spring-context-support-4.2.4.RELEASE.jar:/Users/aman/.m2/repository/org/springframework/spring-beans/5.1.4.RELEASE/spring-beans-5.1.4.RELEASE.jar:/Users/aman/.m2/repository/com/fasterxml/jackson/dataformat/jackson-dataformat-xml/2.9.6/jackson-dataformat-xml-2.9.6.jar:/Users/aman/.m2/repository/com/fasterxml/jackson/core/jackson-core/2.9.8/jackson-core-2.9.8.jar:/Users/aman/.m2/repository/com/fasterxml/jackson/core/jackson-annotations/2.9.0/jackson-annotations-2.9.0.jar:/Users/aman/.m2/repository/com/fasterxml/jackson/core/jackson-databind/2.9.8/jackson-databind-2.9.8.jar:/Users/aman/.m2/repository/com/fasterxml/jackson/module/jackson-module-jaxb-annotations/2.9.8/jackson-module-jaxb-annotations-2.9.8.jar:/Users/aman/.m2/repository/org/codehaus/woodstox/stax2-api/3.1.4/stax2-api-3.1.4.jar:/Users/aman/.m2/repository/com/fasterxml/woodstox/woodstox-core/5.0.3/woodstox-core-5.0.3.jar:/Users/aman/.m2/repository/com/fasterxml/jackson/dataformat/jackson-dataformat-csv/2.9.8/jackson-dataformat-csv-2.9.8.jar:/Users/aman/.m2/repository/com/amazonaws/aws-java-sdk/1.11.163/aws-java-sdk-1.11.163.jar:/Users/aman/.m2/repository/com/amazonaws/aws-java-sdk-dax/1.11.163/aws-java-sdk-dax-1.11.163.jar:/Users/aman/.m2/repository/com/amazonaws/jmespath-java/1.11.163/jmespath-java-1.11.163.jar:/Users/aman/.m2/repository/com/amazonaws/aws-java-sdk-greengrass/1.11.163/aws-java-sdk-greengrass-1.11.163.jar:/Users/aman/.m2/repository/com/amazonaws/aws-java-sdk-athena/1.11.163/aws-java-sdk-athena-1.11.163.jar:/Users/aman/.m2/repository/com/amazonaws/aws-java-sdk-marketplaceentitlement/1.11.163/aws-java-sdk-marketplaceentitlement-1.11.163.jar:/Users/aman/.m2/repository/com/amazonaws/aws-java-sdk-codestar/1.11.163/aws-java-sdk-codestar-1.11.163.jar:/Users/aman/.m2/repository/com/amazonaws/aws-java-sdk-lexmodelbuilding/1.11.163/aws-java-sdk-lexmodelbuilding-1.11.163.jar:/Users/aman/.m2/repository/com/amazonaws/aws-java-sdk-resourcegroupstaggingapi/1.11.163/aws-java-sdk-resourcegroupstaggingapi-1.11.163.jar:/Users/aman/.m2/repository/com/amazonaws/aws-java-sdk-pinpoint/1.11.163/aws-java-sdk-pinpoint-1.11.163.jar:/Users/aman/.m2/repository/com/amazonaws/aws-java-sdk-xray/1.11.163/aws-java-sdk-xray-1.11.163.jar:/Users/aman/.m2/repository/com/amazonaws/aws-java-sdk-opsworkscm/1.11.163/aws-java-sdk-opsworkscm-1.11.163.jar:/Users/aman/.m2/repository/com/amazonaws/aws-java-sdk-support/1.11.163/aws-java-sdk-support-1.11.163.jar:/Users/aman/.m2/repository/com/amazonaws/aws-java-sdk-simpledb/1.11.163/aws-java-sdk-simpledb-1.11.163.jar:/Users/aman/.m2/repository/com/amazonaws/aws-java-sdk-servicecatalog/1.11.163/aws-java-sdk-servicecatalog-1.11.163.jar:/Users/aman/.m2/repository/com/amazonaws/aws-java-sdk-servermigration/1.11.163/aws-java-sdk-servermigration-1.11.163.jar:/Users/aman/.m2/repository/com/amazonaws/aws-java-sdk-simpleworkflow/1.11.163/aws-java-sdk-simpleworkflow-1.11.163.jar:/Users/aman/.m2/repository/com/amazonaws/aws-java-sdk-storagegateway/1.11.163/aws-java-sdk-storagegateway-1.11.163.jar:/Users/aman/.m2/repository/com/amazonaws/aws-java-sdk-route53/1.11.163/aws-java-sdk-route53-1.11.163.jar:/Users/aman/.m2/repository/com/amazonaws/aws-java-sdk-s3/1.11.163/aws-java-sdk-s3-1.11.163.jar:/Users/aman/.m2/repository/com/amazonaws/aws-java-sdk-importexport/1.11.163/aws-java-sdk-importexport-1.11.163.jar:/Users/aman/.m2/repository/com/amazonaws/aws-java-sdk-sts/1.11.163/aws-java-sdk-sts-1.11.163.jar:/Users/aman/.m2/repository/com/amazonaws/aws-java-sdk-sqs/1.11.163/aws-java-sdk-sqs-1.11.163.jar:/Users/aman/.m2/repository/com/amazonaws/aws-java-sdk-rds/1.11.163/aws-java-sdk-rds-1.11.163.jar:/Users/aman/.m2/repository/com/amazonaws/aws-java-sdk-redshift/1.11.163/aws-java-sdk-redshift-1.11.163.jar:/Users/aman/.m2/repository/com/amazonaws/aws-java-sdk-elasticbeanstalk/1.11.163/aws-java-sdk-elasticbeanstalk-1.11.163.jar:/Users/aman/.m2/repository/com/amazonaws/aws-java-sdk-glacier/1.11.163/aws-java-sdk-glacier-1.11.163.jar:/Users/aman/.m2/repository/com/amazonaws/aws-java-sdk-iam/1.11.163/aws-java-sdk-iam-1.11.163.jar:/Users/aman/.m2/repository/com/amazonaws/aws-java-sdk-datapipeline/1.11.163/aws-java-sdk-datapipeline-1.11.163.jar:/Users/aman/.m2/repository/com/amazonaws/aws-java-sdk-elasticloadbalancing/1.11.163/aws-java-sdk-elasticloadbalancing-1.11.163.jar:/Users/aman/.m2/repository/com/amazonaws/aws-java-sdk-elasticloadbalancingv2/1.11.163/aws-java-sdk-elasticloadbalancingv2-1.11.163.jar:/Users/aman/.m2/repository/com/amazonaws/aws-java-sdk-emr/1.11.163/aws-java-sdk-emr-1.11.163.jar:/Users/aman/.m2/repository/com/amazonaws/aws-java-sdk-elasticache/1.11.163/aws-java-sdk-elasticache-1.11.163.jar:/Users/aman/.m2/repository/com/amazonaws/aws-java-sdk-elastictranscoder/1.11.163/aws-java-sdk-elastictranscoder-1.11.163.jar:/Users/aman/.m2/repository/com/amazonaws/aws-java-sdk-ec2/1.11.163/aws-java-sdk-ec2-1.11.163.jar:/Users/aman/.m2/repository/com/amazonaws/aws-java-sdk-dynamodb/1.11.163/aws-java-sdk-dynamodb-1.11.163.jar:/Users/aman/.m2/repository/com/amazonaws/aws-java-sdk-sns/1.11.163/aws-java-sdk-sns-1.11.163.jar:/Users/aman/.m2/repository/com/amazonaws/aws-java-sdk-budgets/1.11.163/aws-java-sdk-budgets-1.11.163.jar:/Users/aman/.m2/repository/com/amazonaws/aws-java-sdk-cloudtrail/1.11.163/aws-java-sdk-cloudtrail-1.11.163.jar:/Users/aman/.m2/repository/com/amazonaws/aws-java-sdk-cloudwatch/1.11.163/aws-java-sdk-cloudwatch-1.11.163.jar:/Users/aman/.m2/repository/com/amazonaws/aws-java-sdk-logs/1.11.163/aws-java-sdk-logs-1.11.163.jar:/Users/aman/.m2/repository/com/amazonaws/aws-java-sdk-events/1.11.163/aws-java-sdk-events-1.11.163.jar:/Users/aman/.m2/repository/com/amazonaws/aws-java-sdk-cognitoidentity/1.11.163/aws-java-sdk-cognitoidentity-1.11.163.jar:/Users/aman/.m2/repository/com/amazonaws/aws-java-sdk-cognitosync/1.11.163/aws-java-sdk-cognitosync-1.11.163.jar:/Users/aman/.m2/repository/com/amazonaws/aws-java-sdk-directconnect/1.11.163/aws-java-sdk-directconnect-1.11.163.jar:/Users/aman/.m2/repository/com/amazonaws/aws-java-sdk-cloudformation/1.11.163/aws-java-sdk-cloudformation-1.11.163.jar:/Users/aman/.m2/repository/com/amazonaws/aws-java-sdk-cloudfront/1.11.163/aws-java-sdk-cloudfront-1.11.163.jar:/Users/aman/.m2/repository/com/amazonaws/aws-java-sdk-clouddirectory/1.11.163/aws-java-sdk-clouddirectory-1.11.163.jar:/Users/aman/.m2/repository/com/amazonaws/aws-java-sdk-kinesis/1.11.163/aws-java-sdk-kinesis-1.11.163.jar:/Users/aman/.m2/repository/com/amazonaws/aws-java-sdk-opsworks/1.11.163/aws-java-sdk-opsworks-1.11.163.jar:/Users/aman/.m2/repository/com/amazonaws/aws-java-sdk-ses/1.11.163/aws-java-sdk-ses-1.11.163.jar:/Users/aman/.m2/repository/com/amazonaws/aws-java-sdk-autoscaling/1.11.163/aws-java-sdk-autoscaling-1.11.163.jar:/Users/aman/.m2/repository/com/amazonaws/aws-java-sdk-cloudsearch/1.11.163/aws-java-sdk-cloudsearch-1.11.163.jar:/Users/aman/.m2/repository/com/amazonaws/aws-java-sdk-cloudwatchmetrics/1.11.163/aws-java-sdk-cloudwatchmetrics-1.11.163.jar:/Users/aman/.m2/repository/com/amazonaws/aws-java-sdk-codedeploy/1.11.163/aws-java-sdk-codedeploy-1.11.163.jar:/Users/aman/.m2/repository/com/amazonaws/aws-java-sdk-codepipeline/1.11.163/aws-java-sdk-codepipeline-1.11.163.jar:/Users/aman/.m2/repository/com/amazonaws/aws-java-sdk-kms/1.11.163/aws-java-sdk-kms-1.11.163.jar:/Users/aman/.m2/repository/com/amazonaws/aws-java-sdk-config/1.11.163/aws-java-sdk-config-1.11.163.jar:/Users/aman/.m2/repository/com/amazonaws/aws-java-sdk-lambda/1.11.163/aws-java-sdk-lambda-1.11.163.jar:/Users/aman/.m2/repository/com/amazonaws/aws-java-sdk-ecs/1.11.163/aws-java-sdk-ecs-1.11.163.jar:/Users/aman/.m2/repository/com/amazonaws/aws-java-sdk-ecr/1.11.163/aws-java-sdk-ecr-1.11.163.jar:/Users/aman/.m2/repository/com/amazonaws/aws-java-sdk-cloudhsm/1.11.163/aws-java-sdk-cloudhsm-1.11.163.jar:/Users/aman/.m2/repository/com/amazonaws/aws-java-sdk-ssm/1.11.163/aws-java-sdk-ssm-1.11.163.jar:/Users/aman/.m2/repository/com/amazonaws/aws-java-sdk-workspaces/1.11.163/aws-java-sdk-workspaces-1.11.163.jar:/Users/aman/.m2/repository/com/amazonaws/aws-java-sdk-machinelearning/1.11.163/aws-java-sdk-machinelearning-1.11.163.jar:/Users/aman/.m2/repository/com/amazonaws/aws-java-sdk-directory/1.11.163/aws-java-sdk-directory-1.11.163.jar:/Users/aman/.m2/repository/com/amazonaws/aws-java-sdk-efs/1.11.163/aws-java-sdk-efs-1.11.163.jar:/Users/aman/.m2/repository/com/amazonaws/aws-java-sdk-codecommit/1.11.163/aws-java-sdk-codecommit-1.11.163.jar:/Users/aman/.m2/repository/com/amazonaws/aws-java-sdk-devicefarm/1.11.163/aws-java-sdk-devicefarm-1.11.163.jar:/Users/aman/.m2/repository/com/amazonaws/aws-java-sdk-elasticsearch/1.11.163/aws-java-sdk-elasticsearch-1.11.163.jar:/Users/aman/.m2/repository/com/amazonaws/aws-java-sdk-waf/1.11.163/aws-java-sdk-waf-1.11.163.jar:/Users/aman/.m2/repository/com/amazonaws/aws-java-sdk-marketplacecommerceanalytics/1.11.163/aws-java-sdk-marketplacecommerceanalytics-1.11.163.jar:/Users/aman/.m2/repository/com/amazonaws/aws-java-sdk-inspector/1.11.163/aws-java-sdk-inspector-1.11.163.jar:/Users/aman/.m2/repository/com/amazonaws/aws-java-sdk-iot/1.11.163/aws-java-sdk-iot-1.11.163.jar:/Users/aman/.m2/repository/com/amazonaws/aws-java-sdk-api-gateway/1.11.163/aws-java-sdk-api-gateway-1.11.163.jar:/Users/aman/.m2/repository/com/amazonaws/aws-java-sdk-acm/1.11.163/aws-java-sdk-acm-1.11.163.jar:/Users/aman/.m2/repository/com/amazonaws/aws-java-sdk-gamelift/1.11.163/aws-java-sdk-gamelift-1.11.163.jar:/Users/aman/.m2/repository/com/amazonaws/aws-java-sdk-dms/1.11.163/aws-java-sdk-dms-1.11.163.jar:/Users/aman/.m2/repository/com/amazonaws/aws-java-sdk-marketplacemeteringservice/1.11.163/aws-java-sdk-marketplacemeteringservice-1.11.163.jar:/Users/aman/.m2/repository/com/amazonaws/aws-java-sdk-cognitoidp/1.11.163/aws-java-sdk-cognitoidp-1.11.163.jar:/Users/aman/.m2/repository/com/amazonaws/aws-java-sdk-discovery/1.11.163/aws-java-sdk-discovery-1.11.163.jar:/Users/aman/.m2/repository/com/amazonaws/aws-java-sdk-applicationautoscaling/1.11.163/aws-java-sdk-applicationautoscaling-1.11.163.jar:/Users/aman/.m2/repository/com/amazonaws/aws-java-sdk-snowball/1.11.163/aws-java-sdk-snowball-1.11.163.jar:/Users/aman/.m2/repository/com/amazonaws/aws-java-sdk-rekognition/1.11.163/aws-java-sdk-rekognition-1.11.163.jar:/Users/aman/.m2/repository/com/amazonaws/aws-java-sdk-polly/1.11.163/aws-java-sdk-polly-1.11.163.jar:/Users/aman/.m2/repository/com/amazonaws/aws-java-sdk-lightsail/1.11.163/aws-java-sdk-lightsail-1.11.163.jar:/Users/aman/.m2/repository/com/amazonaws/aws-java-sdk-stepfunctions/1.11.163/aws-java-sdk-stepfunctions-1.11.163.jar:/Users/aman/.m2/repository/com/amazonaws/aws-java-sdk-health/1.11.163/aws-java-sdk-health-1.11.163.jar:/Users/aman/.m2/repository/com/amazonaws/aws-java-sdk-costandusagereport/1.11.163/aws-java-sdk-costandusagereport-1.11.163.jar:/Users/aman/.m2/repository/com/amazonaws/aws-java-sdk-codebuild/1.11.163/aws-java-sdk-codebuild-1.11.163.jar:/Users/aman/.m2/repository/com/amazonaws/aws-java-sdk-appstream/1.11.163/aws-java-sdk-appstream-1.11.163.jar:/Users/aman/.m2/repository/com/amazonaws/aws-java-sdk-shield/1.11.163/aws-java-sdk-shield-1.11.163.jar:/Users/aman/.m2/repository/com/amazonaws/aws-java-sdk-batch/1.11.163/aws-java-sdk-batch-1.11.163.jar:/Users/aman/.m2/repository/com/amazonaws/aws-java-sdk-lex/1.11.163/aws-java-sdk-lex-1.11.163.jar:/Users/aman/.m2/repository/com/amazonaws/aws-java-sdk-mechanicalturkrequester/1.11.163/aws-java-sdk-mechanicalturkrequester-1.11.163.jar:/Users/aman/.m2/repository/com/amazonaws/aws-java-sdk-organizations/1.11.163/aws-java-sdk-organizations-1.11.163.jar:/Users/aman/.m2/repository/com/amazonaws/aws-java-sdk-workdocs/1.11.163/aws-java-sdk-workdocs-1.11.163.jar:/Users/aman/.m2/repository/com/amazonaws/aws-java-sdk-core/1.11.163/aws-java-sdk-core-1.11.163.jar:/Users/aman/.m2/repository/commons-logging/commons-logging/1.1.3/commons-logging-1.1.3.jar:/Users/aman/.m2/repository/org/apache/httpcomponents/httpclient/4.5.6/httpclient-4.5.6.jar:/Users/aman/.m2/repository/org/apache/httpcomponents/httpcore/4.4.10/httpcore-4.4.10.jar:/Users/aman/.m2/repository/commons-codec/commons-codec/1.11/commons-codec-1.11.jar:/Users/aman/.m2/repository/software/amazon/ion/ion-java/1.0.2/ion-java-1.0.2.jar:/Users/aman/.m2/repository/com/fasterxml/jackson/dataformat/jackson-dataformat-cbor/2.9.8/jackson-dataformat-cbor-2.9.8.jar:/Users/aman/.m2/repository/joda-time/joda-time/2.10.1/joda-time-2.10.1.jar:/Users/aman/.m2/repository/com/amazonaws/aws-java-sdk-models/1.11.163/aws-java-sdk-models-1.11.163.jar:/Users/aman/.m2/repository/com/amazonaws/aws-java-sdk-swf-libraries/1.11.22/aws-java-sdk-swf-libraries-1.11.22.jar:/Users/aman/.m2/repository/org/springframework/boot/spring-boot-starter-mail/2.0.1.RELEASE/spring-boot-starter-mail-2.0.1.RELEASE.jar:/Users/aman/.m2/repository/com/sun/mail/javax.mail/1.6.2/javax.mail-1.6.2.jar:/Users/aman/.m2/repository/javax/activation/activation/1.1/activation-1.1.jar:/Users/aman/.m2/repository/io/sentry/sentry-log4j2/1.7.23/sentry-log4j2-1.7.23.jar:/Users/aman/.m2/repository/io/sentry/sentry/1.7.23/sentry-1.7.23.jar:/Users/aman/.m2/repository/org/apache/logging/log4j/log4j-api/2.11.1/log4j-api-2.11.1.jar:/Users/aman/.m2/repository/org/apache/logging/log4j/log4j-core/2.11.1/log4j-core-2.11.1.jar:/Users/aman/.m2/repository/org/mockito/mockito-core/2.13.0/mockito-core-2.13.0.jar:/Users/aman/.m2/repository/net/bytebuddy/byte-buddy/1.9.7/byte-buddy-1.9.7.jar:/Users/aman/.m2/repository/net/bytebuddy/byte-buddy-agent/1.9.7/byte-buddy-agent-1.9.7.jar:/Users/aman/.m2/repository/org/objenesis/objenesis/2.6/objenesis-2.6.jar:/Users/aman/.m2/repository/org/mockito/mockito-all/1.9.5/mockito-all-1.9.5.jar:/Users/aman/.m2/repository/junit/junit/4.13/junit-4.13.jar:/Users/aman/.m2/repository/com/h2database/h2/1.4.194/h2-1.4.194.jar:"/>
    <property name="java.vm.vendor" value="Oracle Corporation"/>
    <property name="sun.arch.data.model" value="64"/>
    <property name="java.vendor.url" value="http://java.oracle.com/"/>
    <property name="user.timezone" value=""/>
    <property name="java.vm.specification.version" value="1.8"/>
    <property name="os.name" value="Mac OS X"/>
    <property name="user.country" value="US"/>
    <property name="sun.java.launcher" value="SUN_STANDARD"/>
    <property name="sun.boot.library.path" value="/Library/Java/JavaVirtualMachines/jdk1.8.0_211.jdk/Contents/Home/jre/lib"/>
    <property name="sun.java.command" value="/Users/aman/Downloads/SocialApplication/target/surefire/surefirebooter2150085954938498334.jar /Users/aman/Downloads/SocialApplication/target/surefire 2020-05-07T02-27-17_373-jvmRun1 surefire1383394382524704996tmp surefire_0690908749833027819tmp"/>
    <property name="http.nonProxyHosts" value="local|*.local|169.254/16|*.169.254/16"/>
    <property name="surefire.test.class.path" value="/Users/aman/Downloads/SocialApplication/target/test-classes:/Users/aman/Downloads/SocialApplication/target/classes:/Users/aman/.m2/repository/org/springframework/boot/spring-boot-starter-data-jpa/2.1.2.RELEASE/spring-boot-starter-data-jpa-2.1.2.RELEASE.jar:/Users/aman/.m2/repository/org/springframework/boot/spring-boot-starter-aop/2.1.2.RELEASE/spring-boot-starter-aop-2.1.2.RELEASE.jar:/Users/aman/.m2/repository/org/springframework/spring-aop/5.1.4.RELEASE/spring-aop-5.1.4.RELEASE.jar:/Users/aman/.m2/repository/org/aspectj/aspectjweaver/1.9.2/aspectjweaver-1.9.2.jar:/Users/aman/.m2/repository/org/springframework/boot/spring-boot-starter-jdbc/2.1.2.RELEASE/spring-boot-starter-jdbc-2.1.2.RELEASE.jar:/Users/aman/.m2/repository/com/zaxxer/HikariCP/3.2.0/HikariCP-3.2.0.jar:/Users/aman/.m2/repository/org/springframework/spring-jdbc/5.1.4.RELEASE/spring-jdbc-5.1.4.RELEASE.jar:/Users/aman/.m2/repository/javax/transaction/javax.transaction-api/1.3/javax.transaction-api-1.3.jar:/Users/aman/.m2/repository/javax/xml/bind/jaxb-api/2.3.1/jaxb-api-2.3.1.jar:/Users/aman/.m2/repository/javax/activation/javax.activation-api/1.2.0/javax.activation-api-1.2.0.jar:/Users/aman/.m2/repository/org/hibernate/hibernate-core/5.3.7.Final/hibernate-core-5.3.7.Final.jar:/Users/aman/.m2/repository/org/jboss/logging/jboss-logging/3.3.2.Final/jboss-logging-3.3.2.Final.jar:/Users/aman/.m2/repository/javax/persistence/javax.persistence-api/2.2/javax.persistence-api-2.2.jar:/Users/aman/.m2/repository/org/javassist/javassist/3.23.1-GA/javassist-3.23.1-GA.jar:/Users/aman/.m2/repository/antlr/antlr/2.7.7/antlr-2.7.7.jar:/Users/aman/.m2/repository/org/jboss/jandex/2.0.5.Final/jandex-2.0.5.Final.jar:/Users/aman/.m2/repository/com/fasterxml/classmate/1.4.0/classmate-1.4.0.jar:/Users/aman/.m2/repository/org/dom4j/dom4j/2.1.1/dom4j-2.1.1.jar:/Users/aman/.m2/repository/org/hibernate/common/hibernate-commons-annotations/5.0.4.Final/hibernate-commons-annotations-5.0.4.Final.jar:/Users/aman/.m2/repository/org/springframework/data/spring-data-jpa/2.1.4.RELEASE/spring-data-jpa-2.1.4.RELEASE.jar:/Users/aman/.m2/repository/org/springframework/data/spring-data-commons/2.1.4.RELEASE/spring-data-commons-2.1.4.RELEASE.jar:/Users/aman/.m2/repository/org/springframework/spring-orm/5.1.4.RELEASE/spring-orm-5.1.4.RELEASE.jar:/Users/aman/.m2/repository/org/springframework/spring-aspects/5.1.4.RELEASE/spring-aspects-5.1.4.RELEASE.jar:/Users/aman/.m2/repository/org/springframework/boot/spring-boot-starter-web/2.1.2.RELEASE/spring-boot-starter-web-2.1.2.RELEASE.jar:/Users/aman/.m2/repository/org/springframework/boot/spring-boot-starter/2.1.2.RELEASE/spring-boot-starter-2.1.2.RELEASE.jar:/Users/aman/.m2/repository/org/springframework/boot/spring-boot/2.1.2.RELEASE/spring-boot-2.1.2.RELEASE.jar:/Users/aman/.m2/repository/org/springframework/boot/spring-boot-autoconfigure/2.1.2.RELEASE/spring-boot-autoconfigure-2.1.2.RELEASE.jar:/Users/aman/.m2/repository/org/springframework/boot/spring-boot-starter-logging/2.1.2.RELEASE/spring-boot-starter-logging-2.1.2.RELEASE.jar:/Users/aman/.m2/repository/ch/qos/logback/logback-classic/1.2.3/logback-classic-1.2.3.jar:/Users/aman/.m2/repository/ch/qos/logback/logback-core/1.2.3/logback-core-1.2.3.jar:/Users/aman/.m2/repository/org/apache/logging/log4j/log4j-to-slf4j/2.11.1/log4j-to-slf4j-2.11.1.jar:/Users/aman/.m2/repository/org/slf4j/jul-to-slf4j/1.7.25/jul-to-slf4j-1.7.25.jar:/Users/aman/.m2/repository/javax/annotation/javax.annotation-api/1.3.2/javax.annotation-api-1.3.2.jar:/Users/aman/.m2/repository/org/springframework/boot/spring-boot-starter-json/2.1.2.RELEASE/spring-boot-starter-json-2.1.2.RELEASE.jar:/Users/aman/.m2/repository/com/fasterxml/jackson/datatype/jackson-datatype-jdk8/2.9.8/jackson-datatype-jdk8-2.9.8.jar:/Users/aman/.m2/repository/com/fasterxml/jackson/datatype/jackson-datatype-jsr310/2.9.8/jackson-datatype-jsr310-2.9.8.jar:/Users/aman/.m2/repository/com/fasterxml/jackson/module/jackson-module-parameter-names/2.9.8/jackson-module-parameter-names-2.9.8.jar:/Users/aman/.m2/repository/org/springframework/boot/spring-boot-starter-tomcat/2.1.2.RELEASE/spring-boot-starter-tomcat-2.1.2.RELEASE.jar:/Users/aman/.m2/repository/org/apache/tomcat/embed/tomcat-embed-core/9.0.14/tomcat-embed-core-9.0.14.jar:/Users/aman/.m2/repository/org/apache/tomcat/embed/tomcat-embed-el/9.0.14/tomcat-embed-el-9.0.14.jar:/Users/aman/.m2/repository/org/apache/tomcat/embed/tomcat-embed-websocket/9.0.14/tomcat-embed-websocket-9.0.14.jar:/Users/aman/.m2/repository/org/hibernate/validator/hibernate-validator/6.0.14.Final/hibernate-validator-6.0.14.Final.jar:/Users/aman/.m2/repository/javax/validation/validation-api/2.0.1.Final/validation-api-2.0.1.Final.jar:/Users/aman/.m2/repository/org/springframework/spring-web/5.1.4.RELEASE/spring-web-5.1.4.RELEASE.jar:/Users/aman/.m2/repository/org/springframework/spring-webmvc/5.1.4.RELEASE/spring-webmvc-5.1.4.RELEASE.jar:/Users/aman/.m2/repository/org/springframework/spring-expression/5.1.4.RELEASE/spring-expression-5.1.4.RELEASE.jar:/Users/aman/.m2/repository/org/springframework/boot/spring-boot-starter-actuator/2.1.2.RELEASE/spring-boot-starter-actuator-2.1.2.RELEASE.jar:/Users/aman/.m2/repository/org/springframework/boot/spring-boot-actuator-autoconfigure/2.1.2.RELEASE/spring-boot-actuator-autoconfigure-2.1.2.RELEASE.jar:/Users/aman/.m2/repository/org/springframework/boot/spring-boot-actuator/2.1.2.RELEASE/spring-boot-actuator-2.1.2.RELEASE.jar:/Users/aman/.m2/repository/io/micrometer/micrometer-core/1.1.4/micrometer-core-1.1.4.jar:/Users/aman/.m2/repository/org/hdrhistogram/HdrHistogram/2.1.9/HdrHistogram-2.1.9.jar:/Users/aman/.m2/repository/org/latencyutils/LatencyUtils/2.0.3/LatencyUtils-2.0.3.jar:/Users/aman/.m2/repository/io/micrometer/micrometer-registry-prometheus/1.1.4/micrometer-registry-prometheus-1.1.4.jar:/Users/aman/.m2/repository/io/prometheus/simpleclient_common/0.5.0/simpleclient_common-0.5.0.jar:/Users/aman/.m2/repository/io/prometheus/simpleclient/0.5.0/simpleclient-0.5.0.jar:/Users/aman/.m2/repository/org/springframework/boot/spring-boot-starter-test/2.1.2.RELEASE/spring-boot-starter-test-2.1.2.RELEASE.jar:/Users/aman/.m2/repository/org/springframework/boot/spring-boot-test/2.1.2.RELEASE/spring-boot-test-2.1.2.RELEASE.jar:/Users/aman/.m2/repository/org/springframework/boot/spring-boot-test-autoconfigure/2.1.2.RELEASE/spring-boot-test-autoconfigure-2.1.2.RELEASE.jar:/Users/aman/.m2/repository/com/jayway/jsonpath/json-path/2.4.0/json-path-2.4.0.jar:/Users/aman/.m2/repository/net/minidev/json-smart/2.3/json-smart-2.3.jar:/Users/aman/.m2/repository/net/minidev/accessors-smart/1.2/accessors-smart-1.2.jar:/Users/aman/.m2/repository/org/ow2/asm/asm/5.0.4/asm-5.0.4.jar:/Users/aman/.m2/repository/org/assertj/assertj-core/3.11.1/assertj-core-3.11.1.jar:/Users/aman/.m2/repository/org/hamcrest/hamcrest-core/1.3/hamcrest-core-1.3.jar:/Users/aman/.m2/repository/org/hamcrest/hamcrest-library/1.3/hamcrest-library-1.3.jar:/Users/aman/.m2/repository/org/skyscreamer/jsonassert/1.5.0/jsonassert-1.5.0.jar:/Users/aman/.m2/repository/com/vaadin/external/google/android-json/0.0.20131108.vaadin1/android-json-0.0.20131108.vaadin1.jar:/Users/aman/.m2/repository/org/springframework/spring-core/5.1.4.RELEASE/spring-core-5.1.4.RELEASE.jar:/Users/aman/.m2/repository/org/springframework/spring-jcl/5.1.4.RELEASE/spring-jcl-5.1.4.RELEASE.jar:/Users/aman/.m2/repository/org/springframework/spring-test/5.1.4.RELEASE/spring-test-5.1.4.RELEASE.jar:/Users/aman/.m2/repository/org/xmlunit/xmlunit-core/2.6.2/xmlunit-core-2.6.2.jar:/Users/aman/.m2/repository/org/springframework/kafka/spring-kafka/2.2.3.RELEASE/spring-kafka-2.2.3.RELEASE.jar:/Users/aman/.m2/repository/org/springframework/spring-context/5.1.4.RELEASE/spring-context-5.1.4.RELEASE.jar:/Users/aman/.m2/repository/org/springframework/spring-messaging/5.1.4.RELEASE/spring-messaging-5.1.4.RELEASE.jar:/Users/aman/.m2/repository/org/springframework/spring-tx/5.1.4.RELEASE/spring-tx-5.1.4.RELEASE.jar:/Users/aman/.m2/repository/org/springframework/retry/spring-retry/1.2.3.RELEASE/spring-retry-1.2.3.RELEASE.jar:/Users/aman/.m2/repository/org/apache/kafka/kafka-clients/2.0.1/kafka-clients-2.0.1.jar:/Users/aman/.m2/repository/org/lz4/lz4-java/1.4.1/lz4-java-1.4.1.jar:/Users/aman/.m2/repository/com/facebook/presto/presto-jdbc/0.215/presto-jdbc-0.215.jar:/Users/aman/.m2/repository/org/springframework/boot/spring-boot-starter-data-redis/2.1.2.RELEASE/spring-boot-starter-data-redis-2.1.2.RELEASE.jar:/Users/aman/.m2/repository/org/springframework/data/spring-data-redis/2.1.4.RELEASE/spring-data-redis-2.1.4.RELEASE.jar:/Users/aman/.m2/repository/org/springframework/data/spring-data-keyvalue/2.1.4.RELEASE/spring-data-keyvalue-2.1.4.RELEASE.jar:/Users/aman/.m2/repository/org/springframework/spring-oxm/5.1.4.RELEASE/spring-oxm-5.1.4.RELEASE.jar:/Users/aman/.m2/repository/io/lettuce/lettuce-core/5.1.3.RELEASE/lettuce-core-5.1.3.RELEASE.jar:/Users/aman/.m2/repository/io/projectreactor/reactor-core/3.2.5.RELEASE/reactor-core-3.2.5.RELEASE.jar:/Users/aman/.m2/repository/org/reactivestreams/reactive-streams/1.0.2/reactive-streams-1.0.2.jar:/Users/aman/.m2/repository/io/netty/netty-common/4.1.31.Final/netty-common-4.1.31.Final.jar:/Users/aman/.m2/repository/io/netty/netty-transport/4.1.31.Final/netty-transport-4.1.31.Final.jar:/Users/aman/.m2/repository/io/netty/netty-buffer/4.1.31.Final/netty-buffer-4.1.31.Final.jar:/Users/aman/.m2/repository/io/netty/netty-resolver/4.1.31.Final/netty-resolver-4.1.31.Final.jar:/Users/aman/.m2/repository/io/netty/netty-handler/4.1.31.Final/netty-handler-4.1.31.Final.jar:/Users/aman/.m2/repository/io/netty/netty-codec/4.1.31.Final/netty-codec-4.1.31.Final.jar:/Users/aman/.m2/repository/org/postgresql/postgresql/42.2.5/postgresql-42.2.5.jar:/Users/aman/.m2/repository/org/projectlombok/lombok/1.18.4/lombok-1.18.4.jar:/Users/aman/.m2/repository/org/liquibase/liquibase-core/3.6.2/liquibase-core-3.6.2.jar:/Users/aman/.m2/repository/org/yaml/snakeyaml/1.23/snakeyaml-1.23.jar:/Users/aman/.m2/repository/org/slf4j/slf4j-api/1.7.25/slf4j-api-1.7.25.jar:/Users/aman/.m2/repository/com/newrelic/agent/java/newrelic-api/3.33.0/newrelic-api-3.33.0.jar:/Users/aman/.m2/repository/org/json/json/20180813/json-20180813.jar:/Users/aman/.m2/repository/com/googlecode/json-simple/json-simple/1.1.1/json-simple-1.1.1.jar:/Users/aman/.m2/repository/com/google/code/gson/gson/2.8.5/gson-2.8.5.jar:/Users/aman/.m2/repository/com/vladmihalcea/hibernate-types-52/2.2.3/hibernate-types-52-2.2.3.jar:/Users/aman/.m2/repository/org/apache/avro/avro/1.8.2/avro-1.8.2.jar:/Users/aman/.m2/repository/org/codehaus/jackson/jackson-core-asl/1.9.13/jackson-core-asl-1.9.13.jar:/Users/aman/.m2/repository/org/codehaus/jackson/jackson-mapper-asl/1.9.13/jackson-mapper-asl-1.9.13.jar:/Users/aman/.m2/repository/com/thoughtworks/paranamer/paranamer/2.7/paranamer-2.7.jar:/Users/aman/.m2/repository/org/xerial/snappy/snappy-java/1.1.1.3/snappy-java-1.1.1.3.jar:/Users/aman/.m2/repository/org/apache/commons/commons-compress/1.8.1/commons-compress-1.8.1.jar:/Users/aman/.m2/repository/org/tukaani/xz/1.5/xz-1.5.jar:/Users/aman/.m2/repository/redis/clients/jedis/2.9.0/jedis-2.9.0.jar:/Users/aman/.m2/repository/org/apache/commons/commons-pool2/2.6.0/commons-pool2-2.6.0.jar:/Users/aman/.m2/repository/org/springframework/spring-context-support/4.2.4.RELEASE/spring-context-support-4.2.4.RELEASE.jar:/Users/aman/.m2/repository/org/springframework/spring-beans/5.1.4.RELEASE/spring-beans-5.1.4.RELEASE.jar:/Users/aman/.m2/repository/com/fasterxml/jackson/dataformat/jackson-dataformat-xml/2.9.6/jackson-dataformat-xml-2.9.6.jar:/Users/aman/.m2/repository/com/fasterxml/jackson/core/jackson-core/2.9.8/jackson-core-2.9.8.jar:/Users/aman/.m2/repository/com/fasterxml/jackson/core/jackson-annotations/2.9.0/jackson-annotations-2.9.0.jar:/Users/aman/.m2/repository/com/fasterxml/jackson/core/jackson-databind/2.9.8/jackson-databind-2.9.8.jar:/Users/aman/.m2/repository/com/fasterxml/jackson/module/jackson-module-jaxb-annotations/2.9.8/jackson-module-jaxb-annotations-2.9.8.jar:/Users/aman/.m2/repository/org/codehaus/woodstox/stax2-api/3.1.4/stax2-api-3.1.4.jar:/Users/aman/.m2/repository/com/fasterxml/woodstox/woodstox-core/5.0.3/woodstox-core-5.0.3.jar:/Users/aman/.m2/repository/com/fasterxml/jackson/dataformat/jackson-dataformat-csv/2.9.8/jackson-dataformat-csv-2.9.8.jar:/Users/aman/.m2/repository/com/amazonaws/aws-java-sdk/1.11.163/aws-java-sdk-1.11.163.jar:/Users/aman/.m2/repository/com/amazonaws/aws-java-sdk-dax/1.11.163/aws-java-sdk-dax-1.11.163.jar:/Users/aman/.m2/repository/com/amazonaws/jmespath-java/1.11.163/jmespath-java-1.11.163.jar:/Users/aman/.m2/repository/com/amazonaws/aws-java-sdk-greengrass/1.11.163/aws-java-sdk-greengrass-1.11.163.jar:/Users/aman/.m2/repository/com/amazonaws/aws-java-sdk-athena/1.11.163/aws-java-sdk-athena-1.11.163.jar:/Users/aman/.m2/repository/com/amazonaws/aws-java-sdk-marketplaceentitlement/1.11.163/aws-java-sdk-marketplaceentitlement-1.11.163.jar:/Users/aman/.m2/repository/com/amazonaws/aws-java-sdk-codestar/1.11.163/aws-java-sdk-codestar-1.11.163.jar:/Users/aman/.m2/repository/com/amazonaws/aws-java-sdk-lexmodelbuilding/1.11.163/aws-java-sdk-lexmodelbuilding-1.11.163.jar:/Users/aman/.m2/repository/com/amazonaws/aws-java-sdk-resourcegroupstaggingapi/1.11.163/aws-java-sdk-resourcegroupstaggingapi-1.11.163.jar:/Users/aman/.m2/repository/com/amazonaws/aws-java-sdk-pinpoint/1.11.163/aws-java-sdk-pinpoint-1.11.163.jar:/Users/aman/.m2/repository/com/amazonaws/aws-java-sdk-xray/1.11.163/aws-java-sdk-xray-1.11.163.jar:/Users/aman/.m2/repository/com/amazonaws/aws-java-sdk-opsworkscm/1.11.163/aws-java-sdk-opsworkscm-1.11.163.jar:/Users/aman/.m2/repository/com/amazonaws/aws-java-sdk-support/1.11.163/aws-java-sdk-support-1.11.163.jar:/Users/aman/.m2/repository/com/amazonaws/aws-java-sdk-simpledb/1.11.163/aws-java-sdk-simpledb-1.11.163.jar:/Users/aman/.m2/repository/com/amazonaws/aws-java-sdk-servicecatalog/1.11.163/aws-java-sdk-servicecatalog-1.11.163.jar:/Users/aman/.m2/repository/com/amazonaws/aws-java-sdk-servermigration/1.11.163/aws-java-sdk-servermigration-1.11.163.jar:/Users/aman/.m2/repository/com/amazonaws/aws-java-sdk-simpleworkflow/1.11.163/aws-java-sdk-simpleworkflow-1.11.163.jar:/Users/aman/.m2/repository/com/amazonaws/aws-java-sdk-storagegateway/1.11.163/aws-java-sdk-storagegateway-1.11.163.jar:/Users/aman/.m2/repository/com/amazonaws/aws-java-sdk-route53/1.11.163/aws-java-sdk-route53-1.11.163.jar:/Users/aman/.m2/repository/com/amazonaws/aws-java-sdk-s3/1.11.163/aws-java-sdk-s3-1.11.163.jar:/Users/aman/.m2/repository/com/amazonaws/aws-java-sdk-importexport/1.11.163/aws-java-sdk-importexport-1.11.163.jar:/Users/aman/.m2/repository/com/amazonaws/aws-java-sdk-sts/1.11.163/aws-java-sdk-sts-1.11.163.jar:/Users/aman/.m2/repository/com/amazonaws/aws-java-sdk-sqs/1.11.163/aws-java-sdk-sqs-1.11.163.jar:/Users/aman/.m2/repository/com/amazonaws/aws-java-sdk-rds/1.11.163/aws-java-sdk-rds-1.11.163.jar:/Users/aman/.m2/repository/com/amazonaws/aws-java-sdk-redshift/1.11.163/aws-java-sdk-redshift-1.11.163.jar:/Users/aman/.m2/repository/com/amazonaws/aws-java-sdk-elasticbeanstalk/1.11.163/aws-java-sdk-elasticbeanstalk-1.11.163.jar:/Users/aman/.m2/repository/com/amazonaws/aws-java-sdk-glacier/1.11.163/aws-java-sdk-glacier-1.11.163.jar:/Users/aman/.m2/repository/com/amazonaws/aws-java-sdk-iam/1.11.163/aws-java-sdk-iam-1.11.163.jar:/Users/aman/.m2/repository/com/amazonaws/aws-java-sdk-datapipeline/1.11.163/aws-java-sdk-datapipeline-1.11.163.jar:/Users/aman/.m2/repository/com/amazonaws/aws-java-sdk-elasticloadbalancing/1.11.163/aws-java-sdk-elasticloadbalancing-1.11.163.jar:/Users/aman/.m2/repository/com/amazonaws/aws-java-sdk-elasticloadbalancingv2/1.11.163/aws-java-sdk-elasticloadbalancingv2-1.11.163.jar:/Users/aman/.m2/repository/com/amazonaws/aws-java-sdk-emr/1.11.163/aws-java-sdk-emr-1.11.163.jar:/Users/aman/.m2/repository/com/amazonaws/aws-java-sdk-elasticache/1.11.163/aws-java-sdk-elasticache-1.11.163.jar:/Users/aman/.m2/repository/com/amazonaws/aws-java-sdk-elastictranscoder/1.11.163/aws-java-sdk-elastictranscoder-1.11.163.jar:/Users/aman/.m2/repository/com/amazonaws/aws-java-sdk-ec2/1.11.163/aws-java-sdk-ec2-1.11.163.jar:/Users/aman/.m2/repository/com/amazonaws/aws-java-sdk-dynamodb/1.11.163/aws-java-sdk-dynamodb-1.11.163.jar:/Users/aman/.m2/repository/com/amazonaws/aws-java-sdk-sns/1.11.163/aws-java-sdk-sns-1.11.163.jar:/Users/aman/.m2/repository/com/amazonaws/aws-java-sdk-budgets/1.11.163/aws-java-sdk-budgets-1.11.163.jar:/Users/aman/.m2/repository/com/amazonaws/aws-java-sdk-cloudtrail/1.11.163/aws-java-sdk-cloudtrail-1.11.163.jar:/Users/aman/.m2/repository/com/amazonaws/aws-java-sdk-cloudwatch/1.11.163/aws-java-sdk-cloudwatch-1.11.163.jar:/Users/aman/.m2/repository/com/amazonaws/aws-java-sdk-logs/1.11.163/aws-java-sdk-logs-1.11.163.jar:/Users/aman/.m2/repository/com/amazonaws/aws-java-sdk-events/1.11.163/aws-java-sdk-events-1.11.163.jar:/Users/aman/.m2/repository/com/amazonaws/aws-java-sdk-cognitoidentity/1.11.163/aws-java-sdk-cognitoidentity-1.11.163.jar:/Users/aman/.m2/repository/com/amazonaws/aws-java-sdk-cognitosync/1.11.163/aws-java-sdk-cognitosync-1.11.163.jar:/Users/aman/.m2/repository/com/amazonaws/aws-java-sdk-directconnect/1.11.163/aws-java-sdk-directconnect-1.11.163.jar:/Users/aman/.m2/repository/com/amazonaws/aws-java-sdk-cloudformation/1.11.163/aws-java-sdk-cloudformation-1.11.163.jar:/Users/aman/.m2/repository/com/amazonaws/aws-java-sdk-cloudfront/1.11.163/aws-java-sdk-cloudfront-1.11.163.jar:/Users/aman/.m2/repository/com/amazonaws/aws-java-sdk-clouddirectory/1.11.163/aws-java-sdk-clouddirectory-1.11.163.jar:/Users/aman/.m2/repository/com/amazonaws/aws-java-sdk-kinesis/1.11.163/aws-java-sdk-kinesis-1.11.163.jar:/Users/aman/.m2/repository/com/amazonaws/aws-java-sdk-opsworks/1.11.163/aws-java-sdk-opsworks-1.11.163.jar:/Users/aman/.m2/repository/com/amazonaws/aws-java-sdk-ses/1.11.163/aws-java-sdk-ses-1.11.163.jar:/Users/aman/.m2/repository/com/amazonaws/aws-java-sdk-autoscaling/1.11.163/aws-java-sdk-autoscaling-1.11.163.jar:/Users/aman/.m2/repository/com/amazonaws/aws-java-sdk-cloudsearch/1.11.163/aws-java-sdk-cloudsearch-1.11.163.jar:/Users/aman/.m2/repository/com/amazonaws/aws-java-sdk-cloudwatchmetrics/1.11.163/aws-java-sdk-cloudwatchmetrics-1.11.163.jar:/Users/aman/.m2/repository/com/amazonaws/aws-java-sdk-codedeploy/1.11.163/aws-java-sdk-codedeploy-1.11.163.jar:/Users/aman/.m2/repository/com/amazonaws/aws-java-sdk-codepipeline/1.11.163/aws-java-sdk-codepipeline-1.11.163.jar:/Users/aman/.m2/repository/com/amazonaws/aws-java-sdk-kms/1.11.163/aws-java-sdk-kms-1.11.163.jar:/Users/aman/.m2/repository/com/amazonaws/aws-java-sdk-config/1.11.163/aws-java-sdk-config-1.11.163.jar:/Users/aman/.m2/repository/com/amazonaws/aws-java-sdk-lambda/1.11.163/aws-java-sdk-lambda-1.11.163.jar:/Users/aman/.m2/repository/com/amazonaws/aws-java-sdk-ecs/1.11.163/aws-java-sdk-ecs-1.11.163.jar:/Users/aman/.m2/repository/com/amazonaws/aws-java-sdk-ecr/1.11.163/aws-java-sdk-ecr-1.11.163.jar:/Users/aman/.m2/repository/com/amazonaws/aws-java-sdk-cloudhsm/1.11.163/aws-java-sdk-cloudhsm-1.11.163.jar:/Users/aman/.m2/repository/com/amazonaws/aws-java-sdk-ssm/1.11.163/aws-java-sdk-ssm-1.11.163.jar:/Users/aman/.m2/repository/com/amazonaws/aws-java-sdk-workspaces/1.11.163/aws-java-sdk-workspaces-1.11.163.jar:/Users/aman/.m2/repository/com/amazonaws/aws-java-sdk-machinelearning/1.11.163/aws-java-sdk-machinelearning-1.11.163.jar:/Users/aman/.m2/repository/com/amazonaws/aws-java-sdk-directory/1.11.163/aws-java-sdk-directory-1.11.163.jar:/Users/aman/.m2/repository/com/amazonaws/aws-java-sdk-efs/1.11.163/aws-java-sdk-efs-1.11.163.jar:/Users/aman/.m2/repository/com/amazonaws/aws-java-sdk-codecommit/1.11.163/aws-java-sdk-codecommit-1.11.163.jar:/Users/aman/.m2/repository/com/amazonaws/aws-java-sdk-devicefarm/1.11.163/aws-java-sdk-devicefarm-1.11.163.jar:/Users/aman/.m2/repository/com/amazonaws/aws-java-sdk-elasticsearch/1.11.163/aws-java-sdk-elasticsearch-1.11.163.jar:/Users/aman/.m2/repository/com/amazonaws/aws-java-sdk-waf/1.11.163/aws-java-sdk-waf-1.11.163.jar:/Users/aman/.m2/repository/com/amazonaws/aws-java-sdk-marketplacecommerceanalytics/1.11.163/aws-java-sdk-marketplacecommerceanalytics-1.11.163.jar:/Users/aman/.m2/repository/com/amazonaws/aws-java-sdk-inspector/1.11.163/aws-java-sdk-inspector-1.11.163.jar:/Users/aman/.m2/repository/com/amazonaws/aws-java-sdk-iot/1.11.163/aws-java-sdk-iot-1.11.163.jar:/Users/aman/.m2/repository/com/amazonaws/aws-java-sdk-api-gateway/1.11.163/aws-java-sdk-api-gateway-1.11.163.jar:/Users/aman/.m2/repository/com/amazonaws/aws-java-sdk-acm/1.11.163/aws-java-sdk-acm-1.11.163.jar:/Users/aman/.m2/repository/com/amazonaws/aws-java-sdk-gamelift/1.11.163/aws-java-sdk-gamelift-1.11.163.jar:/Users/aman/.m2/repository/com/amazonaws/aws-java-sdk-dms/1.11.163/aws-java-sdk-dms-1.11.163.jar:/Users/aman/.m2/repository/com/amazonaws/aws-java-sdk-marketplacemeteringservice/1.11.163/aws-java-sdk-marketplacemeteringservice-1.11.163.jar:/Users/aman/.m2/repository/com/amazonaws/aws-java-sdk-cognitoidp/1.11.163/aws-java-sdk-cognitoidp-1.11.163.jar:/Users/aman/.m2/repository/com/amazonaws/aws-java-sdk-discovery/1.11.163/aws-java-sdk-discovery-1.11.163.jar:/Users/aman/.m2/repository/com/amazonaws/aws-java-sdk-applicationautoscaling/1.11.163/aws-java-sdk-applicationautoscaling-1.11.163.jar:/Users/aman/.m2/repository/com/amazonaws/aws-java-sdk-snowball/1.11.163/aws-java-sdk-snowball-1.11.163.jar:/Users/aman/.m2/repository/com/amazonaws/aws-java-sdk-rekognition/1.11.163/aws-java-sdk-rekognition-1.11.163.jar:/Users/aman/.m2/repository/com/amazonaws/aws-java-sdk-polly/1.11.163/aws-java-sdk-polly-1.11.163.jar:/Users/aman/.m2/repository/com/amazonaws/aws-java-sdk-lightsail/1.11.163/aws-java-sdk-lightsail-1.11.163.jar:/Users/aman/.m2/repository/com/amazonaws/aws-java-sdk-stepfunctions/1.11.163/aws-java-sdk-stepfunctions-1.11.163.jar:/Users/aman/.m2/repository/com/amazonaws/aws-java-sdk-health/1.11.163/aws-java-sdk-health-1.11.163.jar:/Users/aman/.m2/repository/com/amazonaws/aws-java-sdk-costandusagereport/1.11.163/aws-java-sdk-costandusagereport-1.11.163.jar:/Users/aman/.m2/repository/com/amazonaws/aws-java-sdk-codebuild/1.11.163/aws-java-sdk-codebuild-1.11.163.jar:/Users/aman/.m2/repository/com/amazonaws/aws-java-sdk-appstream/1.11.163/aws-java-sdk-appstream-1.11.163.jar:/Users/aman/.m2/repository/com/amazonaws/aws-java-sdk-shield/1.11.163/aws-java-sdk-shield-1.11.163.jar:/Users/aman/.m2/repository/com/amazonaws/aws-java-sdk-batch/1.11.163/aws-java-sdk-batch-1.11.163.jar:/Users/aman/.m2/repository/com/amazonaws/aws-java-sdk-lex/1.11.163/aws-java-sdk-lex-1.11.163.jar:/Users/aman/.m2/repository/com/amazonaws/aws-java-sdk-mechanicalturkrequester/1.11.163/aws-java-sdk-mechanicalturkrequester-1.11.163.jar:/Users/aman/.m2/repository/com/amazonaws/aws-java-sdk-organizations/1.11.163/aws-java-sdk-organizations-1.11.163.jar:/Users/aman/.m2/repository/com/amazonaws/aws-java-sdk-workdocs/1.11.163/aws-java-sdk-workdocs-1.11.163.jar:/Users/aman/.m2/repository/com/amazonaws/aws-java-sdk-core/1.11.163/aws-java-sdk-core-1.11.163.jar:/Users/aman/.m2/repository/commons-logging/commons-logging/1.1.3/commons-logging-1.1.3.jar:/Users/aman/.m2/repository/org/apache/httpcomponents/httpclient/4.5.6/httpclient-4.5.6.jar:/Users/aman/.m2/repository/org/apache/httpcomponents/httpcore/4.4.10/httpcore-4.4.10.jar:/Users/aman/.m2/repository/commons-codec/commons-codec/1.11/commons-codec-1.11.jar:/Users/aman/.m2/repository/software/amazon/ion/ion-java/1.0.2/ion-java-1.0.2.jar:/Users/aman/.m2/repository/com/fasterxml/jackson/dataformat/jackson-dataformat-cbor/2.9.8/jackson-dataformat-cbor-2.9.8.jar:/Users/aman/.m2/repository/joda-time/joda-time/2.10.1/joda-time-2.10.1.jar:/Users/aman/.m2/repository/com/amazonaws/aws-java-sdk-models/1.11.163/aws-java-sdk-models-1.11.163.jar:/Users/aman/.m2/repository/com/amazonaws/aws-java-sdk-swf-libraries/1.11.22/aws-java-sdk-swf-libraries-1.11.22.jar:/Users/aman/.m2/repository/org/springframework/boot/spring-boot-starter-mail/2.0.1.RELEASE/spring-boot-starter-mail-2.0.1.RELEASE.jar:/Users/aman/.m2/repository/com/sun/mail/javax.mail/1.6.2/javax.mail-1.6.2.jar:/Users/aman/.m2/repository/javax/activation/activation/1.1/activation-1.1.jar:/Users/aman/.m2/repository/io/sentry/sentry-log4j2/1.7.23/sentry-log4j2-1.7.23.jar:/Users/aman/.m2/repository/io/sentry/sentry/1.7.23/sentry-1.7.23.jar:/Users/aman/.m2/repository/org/apache/logging/log4j/log4j-api/2.11.1/log4j-api-2.11.1.jar:/Users/aman/.m2/repository/org/apache/logging/log4j/log4j-core/2.11.1/log4j-core-2.11.1.jar:/Users/aman/.m2/repository/org/mockito/mockito-core/2.13.0/mockito-core-2.13.0.jar:/Users/aman/.m2/repository/net/bytebuddy/byte-buddy/1.9.7/byte-buddy-1.9.7.jar:/Users/aman/.m2/repository/net/bytebuddy/byte-buddy-agent/1.9.7/byte-buddy-agent-1.9.7.jar:/Users/aman/.m2/repository/org/objenesis/objenesis/2.6/objenesis-2.6.jar:/Users/aman/.m2/repository/org/mockito/mockito-all/1.9.5/mockito-all-1.9.5.jar:/Users/aman/.m2/repository/junit/junit/4.13/junit-4.13.jar:/Users/aman/.m2/repository/com/h2database/h2/1.4.194/h2-1.4.194.jar:"/>
    <property name="sun.cpu.endian" value="little"/>
    <property name="user.home" value="/Users/aman"/>
    <property name="user.language" value="en"/>
    <property name="java.specification.vendor" value="Oracle Corporation"/>
    <property name="java.home" value="/Library/Java/JavaVirtualMachines/jdk1.8.0_211.jdk/Contents/Home/jre"/>
    <property name="basedir" value="/Users/aman/Downloads/SocialApplication"/>
    <property name="file.separator" value="/"/>
    <property name="line.separator" value="&#10;"/>
    <property name="java.vm.specification.vendor" value="Oracle Corporation"/>
    <property name="java.specification.name" value="Java Platform API Specification"/>
    <property name="java.awt.graphicsenv" value="sun.awt.CGraphicsEnvironment"/>
    <property name="surefire.real.class.path" value="/Users/aman/Downloads/SocialApplication/target/surefire/surefirebooter2150085954938498334.jar"/>
    <property name="sun.boot.class.path" value="/Library/Java/JavaVirtualMachines/jdk1.8.0_211.jdk/Contents/Home/jre/lib/resources.jar:/Library/Java/JavaVirtualMachines/jdk1.8.0_211.jdk/Contents/Home/jre/lib/rt.jar:/Library/Java/JavaVirtualMachines/jdk1.8.0_211.jdk/Contents/Home/jre/lib/sunrsasign.jar:/Library/Java/JavaVirtualMachines/jdk1.8.0_211.jdk/Contents/Home/jre/lib/jsse.jar:/Library/Java/JavaVirtualMachines/jdk1.8.0_211.jdk/Contents/Home/jre/lib/jce.jar:/Library/Java/JavaVirtualMachines/jdk1.8.0_211.jdk/Contents/Home/jre/lib/charsets.jar:/Library/Java/JavaVirtualMachines/jdk1.8.0_211.jdk/Contents/Home/jre/lib/jfr.jar:/Library/Java/JavaVirtualMachines/jdk1.8.0_211.jdk/Contents/Home/jre/classes"/>
    <property name="sun.management.compiler" value="HotSpot 64-Bit Tiered Compilers"/>
    <property name="ftp.nonProxyHosts" value="local|*.local|169.254/16|*.169.254/16"/>
    <property name="java.runtime.version" value="1.8.0_211-b12"/>
    <property name="user.name" value="aman"/>
    <property name="path.separator" value=":"/>
    <property name="os.version" value="10.15.1"/>
    <property name="java.endorsed.dirs" value="/Library/Java/JavaVirtualMachines/jdk1.8.0_211.jdk/Contents/Home/jre/lib/endorsed"/>
    <property name="java.runtime.name" value="Java(TM) SE Runtime Environment"/>
    <property name="file.encoding" value="UTF-8"/>
    <property name="java.vm.name" value="Java HotSpot(TM) 64-Bit Server VM"/>
    <property name="localRepository" value="/Users/aman/.m2/repository"/>
    <property name="java.vendor.url.bug" value="http://bugreport.sun.com/bugreport/"/>
    <property name="java.io.tmpdir" value="/var/folders/76/pfkt_wks2619f69wn9brn8bw0000gq/T/"/>
    <property name="java.version" value="1.8.0_211"/>
    <property name="user.dir" value="/Users/aman/Downloads/SocialApplication"/>
    <property name="os.arch" value="x86_64"/>
    <property name="java.vm.specification.name" value="Java Virtual Machine Specification"/>
    <property name="java.awt.printerjob" value="sun.lwawt.macosx.CPrinterJob"/>
    <property name="sun.os.patch.level" value="unknown"/>
    <property name="java.library.path" value="/Users/aman/Library/Java/Extensions:/Library/Java/Extensions:/Network/Library/Java/Extensions:/System/Library/Java/Extensions:/usr/lib/java:."/>
    <property name="java.vm.info" value="mixed mode"/>
    <property name="java.vendor" value="Oracle Corporation"/>
    <property name="java.vm.version" value="25.211-b12"/>
    <property name="java.ext.dirs" value="/Users/aman/Library/Java/Extensions:/Library/Java/JavaVirtualMachines/jdk1.8.0_211.jdk/Contents/Home/jre/lib/ext:/Library/Java/Extensions:/Network/Library/Java/Extensions:/System/Library/Java/Extensions:/usr/lib/java"/>
    <property name="sun.io.unicode.encoding" value="UnicodeBig"/>
    <property name="java.class.version" value="52.0"/>
    <property name="socksNonProxyHosts" value="local|*.local|169.254/16|*.169.254/16"/>
  </properties>
  <testcase name="testFavouriteVideosApi" classname="com.socialservice.controller.VideoControllerTest" time="0.001">
    <error message="Failed to load ApplicationContext" type="java.lang.IllegalStateException">java.lang.IllegalStateException: Failed to load ApplicationContext
Caused by: org.springframework.beans.factory.UnsatisfiedDependencyException: Error creating bean with name 'newsFeedController': Unsatisfied dependency expressed through field 'newsFeedService'; nested exception is org.springframework.beans.factory.NoSuchBeanDefinitionException: No qualifying bean of type 'com.socialservice.service.NewsFeedService' available: expected at least 1 bean which qualifies as autowire candidate. Dependency annotations: {@org.springframework.beans.factory.annotation.Autowired(required=true)}
Caused by: org.springframework.beans.factory.NoSuchBeanDefinitionException: No qualifying bean of type 'com.socialservice.service.NewsFeedService' available: expected at least 1 bean which qualifies as autowire candidate. Dependency annotations: {@org.springframework.beans.factory.annotation.Autowired(required=true)}
</error>
    <system-out><![CDATA[02:27:25.840 [main] DEBUG org.springframework.test.context.junit4.SpringJUnit4ClassRunner - SpringJUnit4ClassRunner constructor called with [class com.socialservice.controller.VideoControllerTest]
02:27:25.841 [main] DEBUG org.springframework.test.context.BootstrapUtils - Instantiating CacheAwareContextLoaderDelegate from class [org.springframework.test.context.cache.DefaultCacheAwareContextLoaderDelegate]
02:27:25.841 [main] DEBUG org.springframework.test.context.BootstrapUtils - Instantiating BootstrapContext using constructor [public org.springframework.test.context.support.DefaultBootstrapContext(java.lang.Class,org.springframework.test.context.CacheAwareContextLoaderDelegate)]
02:27:25.847 [main] DEBUG org.springframework.test.context.BootstrapUtils - Instantiating TestContextBootstrapper for test class [com.socialservice.controller.VideoControllerTest] from class [org.springframework.boot.test.autoconfigure.web.servlet.WebMvcTestContextBootstrapper]
02:27:25.864 [main] INFO org.springframework.boot.test.autoconfigure.web.servlet.WebMvcTestContextBootstrapper - Neither @ContextConfiguration nor @ContextHierarchy found for test class [com.socialservice.controller.VideoControllerTest], using SpringBootContextLoader
02:27:25.865 [main] DEBUG org.springframework.test.context.support.AbstractContextLoader - Did not detect default resource location for test class [com.socialservice.controller.VideoControllerTest]: class path resource [com/socialservice/controller/VideoControllerTest-context.xml] does not exist
02:27:25.866 [main] DEBUG org.springframework.test.context.support.AbstractContextLoader - Did not detect default resource location for test class [com.socialservice.controller.VideoControllerTest]: class path resource [com/socialservice/controller/VideoControllerTestContext.groovy] does not exist
02:27:25.867 [main] INFO org.springframework.test.context.support.AbstractContextLoader - Could not detect default resource locations for test class [com.socialservice.controller.VideoControllerTest]: no resource found for suffixes {-context.xml, Context.groovy}.
02:27:25.868 [main] INFO org.springframework.test.context.support.AnnotationConfigContextLoaderUtils - Could not detect default configuration classes for test class [com.socialservice.controller.VideoControllerTest]: VideoControllerTest does not declare any static, non-private, non-final, nested classes annotated with @Configuration.
02:27:25.940 [main] DEBUG org.springframework.test.context.support.ActiveProfilesUtils - Could not find an 'annotation declaring class' for annotation type [org.springframework.test.context.ActiveProfiles] and class [com.socialservice.controller.VideoControllerTest]
02:27:26.048 [main] DEBUG org.springframework.context.annotation.ClassPathScanningCandidateComponentProvider - Identified candidate component class: file [/Users/aman/Downloads/SocialApplication/target/classes/com/socialservice/SocialServiceApplication.class]
02:27:26.050 [main] INFO org.springframework.boot.test.context.SpringBootTestContextBootstrapper - Found @SpringBootConfiguration com.socialservice.SocialServiceApplication for test class com.socialservice.controller.VideoControllerTest
02:27:26.051 [main] DEBUG org.springframework.boot.test.autoconfigure.web.servlet.WebMvcTestContextBootstrapper - @TestExecutionListeners is not present for class [com.socialservice.controller.VideoControllerTest]: using defaults.
02:27:26.052 [main] INFO org.springframework.boot.test.autoconfigure.web.servlet.WebMvcTestContextBootstrapper - Loaded default TestExecutionListener class names from location [META-INF/spring.factories]: [org.springframework.boot.test.mock.mockito.MockitoTestExecutionListener, org.springframework.boot.test.mock.mockito.ResetMocksTestExecutionListener, org.springframework.boot.test.autoconfigure.restdocs.RestDocsTestExecutionListener, org.springframework.boot.test.autoconfigure.web.client.MockRestServiceServerResetTestExecutionListener, org.springframework.boot.test.autoconfigure.web.servlet.MockMvcPrintOnlyOnFailureTestExecutionListener, org.springframework.boot.test.autoconfigure.web.servlet.WebDriverTestExecutionListener, org.springframework.test.context.web.ServletTestExecutionListener, org.springframework.test.context.support.DirtiesContextBeforeModesTestExecutionListener, org.springframework.test.context.support.DependencyInjectionTestExecutionListener, org.springframework.test.context.support.DirtiesContextTestExecutionListener, org.springframework.test.context.transaction.TransactionalTestExecutionListener, org.springframework.test.context.jdbc.SqlScriptsTestExecutionListener]
02:27:26.056 [main] INFO org.springframework.boot.test.autoconfigure.web.servlet.WebMvcTestContextBootstrapper - Using TestExecutionListeners: [org.springframework.test.context.web.ServletTestExecutionListener@2a49fe, org.springframework.test.context.support.DirtiesContextBeforeModesTestExecutionListener@66596a88, org.springframework.boot.test.mock.mockito.MockitoTestExecutionListener@5aae8eb5, org.springframework.boot.test.autoconfigure.SpringBootDependencyInjectionTestExecutionListener@76954a33, org.springframework.test.context.support.DirtiesContextTestExecutionListener@24a298a6, org.springframework.test.context.transaction.TransactionalTestExecutionListener@982bb90, org.springframework.test.context.jdbc.SqlScriptsTestExecutionListener@27f74733, org.springframework.boot.test.mock.mockito.ResetMocksTestExecutionListener@7bef452c, org.springframework.boot.test.autoconfigure.restdocs.RestDocsTestExecutionListener@4bb8855f, org.springframework.boot.test.autoconfigure.web.client.MockRestServiceServerResetTestExecutionListener@57fae983, org.springframework.boot.test.autoconfigure.web.servlet.MockMvcPrintOnlyOnFailureTestExecutionListener@4a29f290, org.springframework.boot.test.autoconfigure.web.servlet.WebDriverTestExecutionListener@4bee18dc]
02:27:26.058 [main] DEBUG org.springframework.test.annotation.ProfileValueUtils - Retrieved @ProfileValueSourceConfiguration [null] for test class [com.socialservice.controller.VideoControllerTest]
02:27:26.059 [main] DEBUG org.springframework.test.annotation.ProfileValueUtils - Retrieved ProfileValueSource type [class org.springframework.test.annotation.SystemProfileValueSource] for class [com.socialservice.controller.VideoControllerTest]
02:27:26.060 [main] DEBUG org.springframework.test.annotation.ProfileValueUtils - Retrieved @ProfileValueSourceConfiguration [null] for test class [com.socialservice.controller.VideoControllerTest]
02:27:26.060 [main] DEBUG org.springframework.test.annotation.ProfileValueUtils - Retrieved ProfileValueSource type [class org.springframework.test.annotation.SystemProfileValueSource] for class [com.socialservice.controller.VideoControllerTest]
02:27:26.060 [main] DEBUG org.springframework.test.annotation.ProfileValueUtils - Retrieved @ProfileValueSourceConfiguration [null] for test class [com.socialservice.controller.VideoControllerTest]
02:27:26.060 [main] DEBUG org.springframework.test.annotation.ProfileValueUtils - Retrieved ProfileValueSource type [class org.springframework.test.annotation.SystemProfileValueSource] for class [com.socialservice.controller.VideoControllerTest]
02:27:26.061 [main] DEBUG org.springframework.test.annotation.ProfileValueUtils - Retrieved @ProfileValueSourceConfiguration [null] for test class [com.socialservice.controller.VideoControllerTest]
02:27:26.061 [main] DEBUG org.springframework.test.annotation.ProfileValueUtils - Retrieved ProfileValueSource type [class org.springframework.test.annotation.SystemProfileValueSource] for class [com.socialservice.controller.VideoControllerTest]
02:27:26.061 [main] DEBUG org.springframework.test.annotation.ProfileValueUtils - Retrieved @ProfileValueSourceConfiguration [null] for test class [com.socialservice.controller.VideoControllerTest]
02:27:26.061 [main] DEBUG org.springframework.test.annotation.ProfileValueUtils - Retrieved ProfileValueSource type [class org.springframework.test.annotation.SystemProfileValueSource] for class [com.socialservice.controller.VideoControllerTest]
02:27:26.067 [main] DEBUG org.springframework.test.context.support.AbstractDirtiesContextTestExecutionListener - Before test class: context [DefaultTestContext@44f3fe83 testClass = VideoControllerTest, testInstance = [null], testMethod = [null], testException = [null], mergedContextConfiguration = [WebMergedContextConfiguration@44c5a16f testClass = VideoControllerTest, locations = '{}', classes = '{class com.socialservice.SocialServiceApplication}', contextInitializerClasses = '[]', activeProfiles = '{}', propertySourceLocations = '{}', propertySourceProperties = '{org.springframework.boot.test.autoconfigure.web.servlet.WebMvcTestContextBootstrapper=true}', contextCustomizers = set[[ImportsContextCustomizer@417d6615 key = [org.springframework.boot.autoconfigure.data.jpa.JpaRepositoriesAutoConfiguration, org.springframework.boot.autoconfigure.flyway.FlywayAutoConfiguration, org.springframework.boot.autoconfigure.jdbc.DataSourceAutoConfiguration, org.springframework.boot.autoconfigure.jdbc.DataSourceTransactionManagerAutoConfiguration, org.springframework.boot.autoconfigure.jdbc.JdbcTemplateAutoConfiguration, org.springframework.boot.autoconfigure.liquibase.LiquibaseAutoConfiguration, org.springframework.boot.autoconfigure.orm.jpa.HibernateJpaAutoConfiguration, org.springframework.boot.autoconfigure.transaction.TransactionAutoConfiguration, org.springframework.boot.autoconfigure.cache.CacheAutoConfiguration, org.springframework.boot.autoconfigure.context.MessageSourceAutoConfiguration, org.springframework.boot.autoconfigure.data.web.SpringDataWebAutoConfiguration, org.springframework.boot.autoconfigure.freemarker.FreeMarkerAutoConfiguration, org.springframework.boot.autoconfigure.groovy.template.GroovyTemplateAutoConfiguration, org.springframework.boot.autoconfigure.gson.GsonAutoConfiguration, org.springframework.boot.autoconfigure.hateoas.HypermediaAutoConfiguration, org.springframework.boot.autoconfigure.http.HttpMessageConvertersAutoConfiguration, org.springframework.boot.autoconfigure.jackson.JacksonAutoConfiguration, org.springframework.boot.autoconfigure.jsonb.JsonbAutoConfiguration, org.springframework.boot.autoconfigure.mustache.MustacheAutoConfiguration, org.springframework.boot.autoconfigure.task.TaskExecutionAutoConfiguration, org.springframework.boot.autoconfigure.thymeleaf.ThymeleafAutoConfiguration, org.springframework.boot.autoconfigure.validation.ValidationAutoConfiguration, org.springframework.boot.autoconfigure.web.servlet.error.ErrorMvcAutoConfiguration, org.springframework.boot.autoconfigure.web.servlet.WebMvcAutoConfiguration, org.springframework.boot.test.autoconfigure.web.servlet.MockMvcAutoConfiguration, org.springframework.boot.test.autoconfigure.web.servlet.MockMvcSecurityAutoConfiguration, org.springframework.boot.test.autoconfigure.web.servlet.MockMvcWebClientAutoConfiguration, org.springframework.boot.test.autoconfigure.web.servlet.MockMvcWebDriverAutoConfiguration]], org.springframework.boot.test.context.filter.ExcludeFilterContextCustomizer@49c43f4e, org.springframework.boot.test.json.DuplicateJsonObjectContextCustomizerFactory$DuplicateJsonObjectContextCustomizer@17776a8, org.springframework.boot.test.mock.mockito.MockitoContextCustomizer@d21584fc, org.springframework.boot.test.autoconfigure.OverrideAutoConfigurationContextCustomizerFactory$DisableAutoConfigurationContextCustomizer@1d782abe, org.springframework.boot.test.autoconfigure.filter.TypeExcludeFiltersContextCustomizer@68cfadf9, org.springframework.boot.test.autoconfigure.properties.PropertyMappingContextCustomizer@fbd28355, org.springframework.boot.test.autoconfigure.web.servlet.WebDriverContextCustomizerFactory$Customizer@27c6e487], resourceBasePath = '', contextLoader = 'org.springframework.boot.test.context.SpringBootContextLoader', parent = [null]], attributes = map[[empty]]], class annotated with @DirtiesContext [false] with mode [null].
02:27:26.079 [main] DEBUG org.springframework.test.annotation.ProfileValueUtils - Retrieved @ProfileValueSourceConfiguration [null] for test class [com.socialservice.controller.VideoControllerTest]
02:27:26.079 [main] DEBUG org.springframework.test.annotation.ProfileValueUtils - Retrieved ProfileValueSource type [class org.springframework.test.annotation.SystemProfileValueSource] for class [com.socialservice.controller.VideoControllerTest]
02:27:26.152 [main] DEBUG org.springframework.test.context.support.TestPropertySourceUtils - Adding inlined properties to environment: {spring.jmx.enabled=false, org.springframework.boot.test.autoconfigure.web.servlet.WebMvcTestContextBootstrapper=true, server.port=-1}

  .   ____          _            __ _ _
 /\\ / ___'_ __ _ _(_)_ __  __ _ \ \ \ \
( ( )\___ | '_ | '_| | '_ \/ _` | \ \ \ \
 \\/  ___)| |_)| | | | | || (_| |  ) ) ) )
  '  |____| .__|_| |_|_| |_\__, | / / / /
 =========|_|==============|___/=/_/_/_/
 :: Spring Boot ::        (v2.1.2.RELEASE)

2020-05-07 02:27:31.930  WARN 21612 --- [           main] ory$DuplicateJsonObjectContextCustomizer : 

Found multiple occurrences of org.json.JSONObject on the class path:

	jar:file:/Users/aman/.m2/repository/com/vaadin/external/google/android-json/0.0.20131108.vaadin1/android-json-0.0.20131108.vaadin1.jar!/org/json/JSONObject.class
	jar:file:/Users/aman/.m2/repository/org/json/json/20180813/json-20180813.jar!/org/json/JSONObject.class

You may wish to exclude one of them to ensure predictable runtime behavior

2020-05-07 02:27:42.418  INFO 21612 --- [           main] c.s.controller.VideoControllerTest       : Starting VideoControllerTest on Vampire-Arrives.local with PID 21612 (started by aman in /Users/aman/Downloads/SocialApplication)
2020-05-07 02:27:42.420  INFO 21612 --- [           main] c.s.controller.VideoControllerTest       : No active profile set, falling back to default profiles: default
2020-05-07 02:27:43.045  INFO 21612 --- [           main] .s.d.r.c.RepositoryConfigurationDelegate : Multiple Spring Data modules found, entering strict repository configuration mode!
2020-05-07 02:27:43.047  INFO 21612 --- [           main] .s.d.r.c.RepositoryConfigurationDelegate : Bootstrapping Spring Data repositories in DEFAULT mode.
2020-05-07 02:27:43.174  INFO 21612 --- [           main] .s.d.r.c.RepositoryConfigurationDelegate : Finished Spring Data repository scanning in 111ms. Found 5 repository interfaces.
2020-05-07 02:27:43.901  INFO 21612 --- [           main] trationDelegate$BeanPostProcessorChecker : Bean 'org.springframework.transaction.annotation.ProxyTransactionManagementConfiguration' of type [org.springframework.transaction.annotation.ProxyTransactionManagementConfiguration$$EnhancerBySpringCGLIB$$de1e3e1d] is not eligible for getting processed by all BeanPostProcessors (for example: not eligible for auto-proxying)
2020-05-07 02:27:44.380  INFO 21612 --- [           main] com.zaxxer.hikari.HikariDataSource       : HikariPool-1 - Starting...
2020-05-07 02:27:44.508  INFO 21612 --- [           main] com.zaxxer.hikari.HikariDataSource       : HikariPool-1 - Start completed.
2020-05-07 02:27:45.338  INFO 21612 --- [           main] liquibase.executor.jvm.JdbcExecutor      : SELECT COUNT(*) FROM public.databasechangeloglock
2020-05-07 02:27:45.345  INFO 21612 --- [           main] liquibase.executor.jvm.JdbcExecutor      : SELECT COUNT(*) FROM public.databasechangeloglock
2020-05-07 02:27:45.348  INFO 21612 --- [           main] liquibase.executor.jvm.JdbcExecutor      : SELECT LOCKED FROM public.databasechangeloglock WHERE ID=1
2020-05-07 02:27:45.369  INFO 21612 --- [           main] l.lockservice.StandardLockService        : Successfully acquired change log lock
2020-05-07 02:27:46.178  INFO 21612 --- [           main] liquibase.executor.jvm.JdbcExecutor      : SELECT MD5SUM FROM public.databasechangelog WHERE MD5SUM IS NOT NULL LIMIT 1
2020-05-07 02:27:46.179  INFO 21612 --- [           main] liquibase.executor.jvm.JdbcExecutor      : SELECT COUNT(*) FROM public.databasechangelog
2020-05-07 02:27:46.184  INFO 21612 --- [           main] l.c.StandardChangeLogHistoryService      : Reading from public.databasechangelog
2020-05-07 02:27:46.185  INFO 21612 --- [           main] liquibase.executor.jvm.JdbcExecutor      : SELECT * FROM public.databasechangelog ORDER BY DATEEXECUTED ASC, ORDEREXECUTED ASC
2020-05-07 02:27:46.212  INFO 21612 --- [           main] l.lockservice.StandardLockService        : Successfully released change log lock
2020-05-07 02:27:46.213  INFO 21612 --- [           main] com.zaxxer.hikari.HikariDataSource       : HikariPool-1 - Shutdown initiated...
2020-05-07 02:27:46.225  INFO 21612 --- [           main] com.zaxxer.hikari.HikariDataSource       : HikariPool-1 - Shutdown completed.
2020-05-07 02:27:46.475  INFO 21612 --- [           main] o.hibernate.jpa.internal.util.LogHelper  : HHH000204: Processing PersistenceUnitInfo [
	name: default
	...]
2020-05-07 02:27:46.686  INFO 21612 --- [           main] org.hibernate.Version                    : HHH000412: Hibernate Core {5.3.7.Final}
2020-05-07 02:27:46.689  INFO 21612 --- [           main] org.hibernate.cfg.Environment            : HHH000206: hibernate.properties not found
2020-05-07 02:27:46.833  INFO 21612 --- [           main] o.hibernate.annotations.common.Version   : HCANN000001: Hibernate Commons Annotations {5.0.4.Final}
2020-05-07 02:27:47.015  INFO 21612 --- [           main] org.hibernate.dialect.Dialect            : HHH000400: Using dialect: org.hibernate.dialect.PostgreSQLDialect
2020-05-07 02:27:47.044  INFO 21612 --- [           main] o.h.e.j.e.i.LobCreatorBuilderImpl        : HHH000422: Disabling contextual LOB creation as connection was null
2020-05-07 02:27:47.058  INFO 21612 --- [           main] org.hibernate.type.BasicTypeRegistry     : HHH000270: Type registration [java.util.UUID] overrides previous : org.hibernate.type.UUIDBinaryType@44f23927
2020-05-07 02:27:47.971  INFO 21612 --- [           main] j.LocalContainerEntityManagerFactoryBean : Initialized JPA EntityManagerFactory for persistence unit 'default'
2020-05-07 02:27:47.985  WARN 21612 --- [           main] o.s.w.c.s.GenericWebApplicationContext   : Exception encountered during context initialization - cancelling refresh attempt: org.springframework.beans.factory.UnsatisfiedDependencyException: Error creating bean with name 'newsFeedController': Unsatisfied dependency expressed through field 'newsFeedService'; nested exception is org.springframework.beans.factory.NoSuchBeanDefinitionException: No qualifying bean of type 'com.socialservice.service.NewsFeedService' available: expected at least 1 bean which qualifies as autowire candidate. Dependency annotations: {@org.springframework.beans.factory.annotation.Autowired(required=true)}
2020-05-07 02:27:47.986  INFO 21612 --- [           main] j.LocalContainerEntityManagerFactoryBean : Closing JPA EntityManagerFactory for persistence unit 'default'
2020-05-07 02:27:47.992  INFO 21612 --- [           main] ConditionEvaluationReportLoggingListener : 

Error starting ApplicationContext. To display the conditions report re-run your application with 'debug' enabled.
2020-05-07 02:27:48.041 ERROR 21612 --- [           main] o.s.b.d.LoggingFailureAnalysisReporter   : 

***************************
APPLICATION FAILED TO START
***************************

Description:

Field newsFeedService in com.socialservice.controllers.NewsFeedController required a bean of type 'com.socialservice.service.NewsFeedService' that could not be found.

The injection point has the following annotations:
	- @org.springframework.beans.factory.annotation.Autowired(required=true)


Action:

Consider defining a bean of type 'com.socialservice.service.NewsFeedService' in your configuration.

2020-05-07 02:27:48.048 ERROR 21612 --- [           main] o.s.test.context.TestContextManager      : Caught exception while allowing TestExecutionListener [org.springframework.boot.test.mock.mockito.MockitoTestExecutionListener@5aae8eb5] to prepare test instance [com.socialservice.controller.VideoControllerTest@41f5389f]

java.lang.IllegalStateException: Failed to load ApplicationContext
	at org.springframework.test.context.cache.DefaultCacheAwareContextLoaderDelegate.loadContext(DefaultCacheAwareContextLoaderDelegate.java:125) ~[spring-test-5.1.4.RELEASE.jar:5.1.4.RELEASE]
	at org.springframework.test.context.support.DefaultTestContext.getApplicationContext(DefaultTestContext.java:108) ~[spring-test-5.1.4.RELEASE.jar:5.1.4.RELEASE]
	at org.springframework.boot.test.mock.mockito.MockitoTestExecutionListener.postProcessFields(MockitoTestExecutionListener.java:99) ~[spring-boot-test-2.1.2.RELEASE.jar:2.1.2.RELEASE]
	at org.springframework.boot.test.mock.mockito.MockitoTestExecutionListener.injectFields(MockitoTestExecutionListener.java:79) ~[spring-boot-test-2.1.2.RELEASE.jar:2.1.2.RELEASE]
	at org.springframework.boot.test.mock.mockito.MockitoTestExecutionListener.prepareTestInstance(MockitoTestExecutionListener.java:54) ~[spring-boot-test-2.1.2.RELEASE.jar:2.1.2.RELEASE]
	at org.springframework.test.context.TestContextManager.prepareTestInstance(TestContextManager.java:246) ~[spring-test-5.1.4.RELEASE.jar:5.1.4.RELEASE]
	at org.springframework.test.context.junit4.SpringJUnit4ClassRunner.createTest(SpringJUnit4ClassRunner.java:227) [spring-test-5.1.4.RELEASE.jar:5.1.4.RELEASE]
	at org.springframework.test.context.junit4.SpringJUnit4ClassRunner$1.runReflectiveCall(SpringJUnit4ClassRunner.java:289) [spring-test-5.1.4.RELEASE.jar:5.1.4.RELEASE]
	at org.junit.internal.runners.model.ReflectiveCallable.run(ReflectiveCallable.java:12) [junit-4.13.jar:4.13]
	at org.springframework.test.context.junit4.SpringJUnit4ClassRunner.methodBlock(SpringJUnit4ClassRunner.java:291) [spring-test-5.1.4.RELEASE.jar:5.1.4.RELEASE]
	at org.springframework.test.context.junit4.SpringJUnit4ClassRunner.runChild(SpringJUnit4ClassRunner.java:246) [spring-test-5.1.4.RELEASE.jar:5.1.4.RELEASE]
	at org.springframework.test.context.junit4.SpringJUnit4ClassRunner.runChild(SpringJUnit4ClassRunner.java:97) [spring-test-5.1.4.RELEASE.jar:5.1.4.RELEASE]
	at org.junit.runners.ParentRunner$4.run(ParentRunner.java:331) [junit-4.13.jar:4.13]
	at org.junit.runners.ParentRunner$1.schedule(ParentRunner.java:79) [junit-4.13.jar:4.13]
	at org.junit.runners.ParentRunner.runChildren(ParentRunner.java:329) [junit-4.13.jar:4.13]
	at org.junit.runners.ParentRunner.access$100(ParentRunner.java:66) [junit-4.13.jar:4.13]
	at org.junit.runners.ParentRunner$2.evaluate(ParentRunner.java:293) [junit-4.13.jar:4.13]
	at org.springframework.test.context.junit4.statements.RunBeforeTestClassCallbacks.evaluate(RunBeforeTestClassCallbacks.java:61) [spring-test-5.1.4.RELEASE.jar:5.1.4.RELEASE]
	at org.springframework.test.context.junit4.statements.RunAfterTestClassCallbacks.evaluate(RunAfterTestClassCallbacks.java:70) [spring-test-5.1.4.RELEASE.jar:5.1.4.RELEASE]
	at org.junit.runners.ParentRunner$3.evaluate(ParentRunner.java:306) [junit-4.13.jar:4.13]
	at org.junit.runners.ParentRunner.run(ParentRunner.java:413) [junit-4.13.jar:4.13]
	at org.springframework.test.context.junit4.SpringJUnit4ClassRunner.run(SpringJUnit4ClassRunner.java:190) [spring-test-5.1.4.RELEASE.jar:5.1.4.RELEASE]
	at org.apache.maven.surefire.junit4.JUnit4Provider.execute(JUnit4Provider.java:365) [surefire-junit4-2.22.1.jar:2.22.1]
	at org.apache.maven.surefire.junit4.JUnit4Provider.executeWithRerun(JUnit4Provider.java:273) [surefire-junit4-2.22.1.jar:2.22.1]
	at org.apache.maven.surefire.junit4.JUnit4Provider.executeTestSet(JUnit4Provider.java:238) [surefire-junit4-2.22.1.jar:2.22.1]
	at org.apache.maven.surefire.junit4.JUnit4Provider.invoke(JUnit4Provider.java:159) [surefire-junit4-2.22.1.jar:2.22.1]
	at org.apache.maven.surefire.booter.ForkedBooter.invokeProviderInSameClassLoader(ForkedBooter.java:384) [surefire-booter-2.22.1.jar:2.22.1]
	at org.apache.maven.surefire.booter.ForkedBooter.runSuitesInProcess(ForkedBooter.java:345) [surefire-booter-2.22.1.jar:2.22.1]
	at org.apache.maven.surefire.booter.ForkedBooter.execute(ForkedBooter.java:126) [surefire-booter-2.22.1.jar:2.22.1]
	at org.apache.maven.surefire.booter.ForkedBooter.main(ForkedBooter.java:418) [surefire-booter-2.22.1.jar:2.22.1]
Caused by: org.springframework.beans.factory.UnsatisfiedDependencyException: Error creating bean with name 'newsFeedController': Unsatisfied dependency expressed through field 'newsFeedService'; nested exception is org.springframework.beans.factory.NoSuchBeanDefinitionException: No qualifying bean of type 'com.socialservice.service.NewsFeedService' available: expected at least 1 bean which qualifies as autowire candidate. Dependency annotations: {@org.springframework.beans.factory.annotation.Autowired(required=true)}
	at org.springframework.beans.factory.annotation.AutowiredAnnotationBeanPostProcessor$AutowiredFieldElement.inject(AutowiredAnnotationBeanPostProcessor.java:596) ~[spring-beans-5.1.4.RELEASE.jar:5.1.4.RELEASE]
	at org.springframework.beans.factory.annotation.InjectionMetadata.inject(InjectionMetadata.java:90) ~[spring-beans-5.1.4.RELEASE.jar:5.1.4.RELEASE]
	at org.springframework.beans.factory.annotation.AutowiredAnnotationBeanPostProcessor.postProcessProperties(AutowiredAnnotationBeanPostProcessor.java:374) ~[spring-beans-5.1.4.RELEASE.jar:5.1.4.RELEASE]
	at org.springframework.beans.factory.support.AbstractAutowireCapableBeanFactory.populateBean(AbstractAutowireCapableBeanFactory.java:1378) ~[spring-beans-5.1.4.RELEASE.jar:5.1.4.RELEASE]
	at org.springframework.beans.factory.support.AbstractAutowireCapableBeanFactory.doCreateBean(AbstractAutowireCapableBeanFactory.java:575) ~[spring-beans-5.1.4.RELEASE.jar:5.1.4.RELEASE]
	at org.springframework.beans.factory.support.AbstractAutowireCapableBeanFactory.createBean(AbstractAutowireCapableBeanFactory.java:498) ~[spring-beans-5.1.4.RELEASE.jar:5.1.4.RELEASE]
	at org.springframework.beans.factory.support.AbstractBeanFactory.lambda$doGetBean$0(AbstractBeanFactory.java:320) ~[spring-beans-5.1.4.RELEASE.jar:5.1.4.RELEASE]
	at org.springframework.beans.factory.support.DefaultSingletonBeanRegistry.getSingleton(DefaultSingletonBeanRegistry.java:222) ~[spring-beans-5.1.4.RELEASE.jar:5.1.4.RELEASE]
	at org.springframework.beans.factory.support.AbstractBeanFactory.doGetBean(AbstractBeanFactory.java:318) ~[spring-beans-5.1.4.RELEASE.jar:5.1.4.RELEASE]
	at org.springframework.beans.factory.support.AbstractBeanFactory.getBean(AbstractBeanFactory.java:199) ~[spring-beans-5.1.4.RELEASE.jar:5.1.4.RELEASE]
	at org.springframework.beans.factory.support.DefaultListableBeanFactory.preInstantiateSingletons(DefaultListableBeanFactory.java:846) ~[spring-beans-5.1.4.RELEASE.jar:5.1.4.RELEASE]
	at org.springframework.context.support.AbstractApplicationContext.finishBeanFactoryInitialization(AbstractApplicationContext.java:863) ~[spring-context-5.1.4.RELEASE.jar:5.1.4.RELEASE]
	at org.springframework.context.support.AbstractApplicationContext.refresh(AbstractApplicationContext.java:546) ~[spring-context-5.1.4.RELEASE.jar:5.1.4.RELEASE]
	at org.springframework.boot.SpringApplication.refresh(SpringApplication.java:775) ~[spring-boot-2.1.2.RELEASE.jar:2.1.2.RELEASE]
	at org.springframework.boot.SpringApplication.refreshContext(SpringApplication.java:397) ~[spring-boot-2.1.2.RELEASE.jar:2.1.2.RELEASE]
	at org.springframework.boot.SpringApplication.run(SpringApplication.java:316) ~[spring-boot-2.1.2.RELEASE.jar:2.1.2.RELEASE]
	at org.springframework.boot.test.context.SpringBootContextLoader.loadContext(SpringBootContextLoader.java:127) ~[spring-boot-test-2.1.2.RELEASE.jar:2.1.2.RELEASE]
	at org.springframework.test.context.cache.DefaultCacheAwareContextLoaderDelegate.loadContextInternal(DefaultCacheAwareContextLoaderDelegate.java:99) ~[spring-test-5.1.4.RELEASE.jar:5.1.4.RELEASE]
	at org.springframework.test.context.cache.DefaultCacheAwareContextLoaderDelegate.loadContext(DefaultCacheAwareContextLoaderDelegate.java:117) ~[spring-test-5.1.4.RELEASE.jar:5.1.4.RELEASE]
	... 29 common frames omitted
Caused by: org.springframework.beans.factory.NoSuchBeanDefinitionException: No qualifying bean of type 'com.socialservice.service.NewsFeedService' available: expected at least 1 bean which qualifies as autowire candidate. Dependency annotations: {@org.springframework.beans.factory.annotation.Autowired(required=true)}
	at org.springframework.beans.factory.support.DefaultListableBeanFactory.raiseNoMatchingBeanFound(DefaultListableBeanFactory.java:1651) ~[spring-beans-5.1.4.RELEASE.jar:5.1.4.RELEASE]
	at org.springframework.beans.factory.support.DefaultListableBeanFactory.doResolveDependency(DefaultListableBeanFactory.java:1210) ~[spring-beans-5.1.4.RELEASE.jar:5.1.4.RELEASE]
	at org.springframework.beans.factory.support.DefaultListableBeanFactory.resolveDependency(DefaultListableBeanFactory.java:1164) ~[spring-beans-5.1.4.RELEASE.jar:5.1.4.RELEASE]
	at org.springframework.beans.factory.annotation.AutowiredAnnotationBeanPostProcessor$AutowiredFieldElement.inject(AutowiredAnnotationBeanPostProcessor.java:593) ~[spring-beans-5.1.4.RELEASE.jar:5.1.4.RELEASE]
	... 47 common frames omitted

]]></system-out>
  </testcase>
  <testcase name="testPopularVideosApi" classname="com.socialservice.controller.VideoControllerTest" time="0">
    <error message="Failed to load ApplicationContext" type="java.lang.IllegalStateException">java.lang.IllegalStateException: Failed to load ApplicationContext
Caused by: org.springframework.beans.factory.UnsatisfiedDependencyException: Error creating bean with name 'newsFeedController': Unsatisfied dependency expressed through field 'newsFeedService'; nested exception is org.springframework.beans.factory.NoSuchBeanDefinitionException: No qualifying bean of type 'com.socialservice.service.NewsFeedService' available: expected at least 1 bean which qualifies as autowire candidate. Dependency annotations: {@org.springframework.beans.factory.annotation.Autowired(required=true)}
Caused by: org.springframework.beans.factory.NoSuchBeanDefinitionException: No qualifying bean of type 'com.socialservice.service.NewsFeedService' available: expected at least 1 bean which qualifies as autowire candidate. Dependency annotations: {@org.springframework.beans.factory.annotation.Autowired(required=true)}
</error>
    <system-out><![CDATA[
  .   ____          _            __ _ _
 /\\ / ___'_ __ _ _(_)_ __  __ _ \ \ \ \
( ( )\___ | '_ | '_| | '_ \/ _` | \ \ \ \
 \\/  ___)| |_)| | | | | || (_| |  ) ) ) )
  '  |____| .__|_| |_|_| |_\__, | / / / /
 =========|_|==============|___/=/_/_/_/
 :: Spring Boot ::        (v2.1.2.RELEASE)

2020-05-07 02:27:53.395  WARN 21612 --- [           main] ory$DuplicateJsonObjectContextCustomizer : 

Found multiple occurrences of org.json.JSONObject on the class path:

	jar:file:/Users/aman/.m2/repository/com/vaadin/external/google/android-json/0.0.20131108.vaadin1/android-json-0.0.20131108.vaadin1.jar!/org/json/JSONObject.class
	jar:file:/Users/aman/.m2/repository/org/json/json/20180813/json-20180813.jar!/org/json/JSONObject.class

You may wish to exclude one of them to ensure predictable runtime behavior

2020-05-07 02:28:03.924  INFO 21612 --- [           main] c.s.controller.VideoControllerTest       : Starting VideoControllerTest on Vampire-Arrives.local with PID 21612 (started by aman in /Users/aman/Downloads/SocialApplication)
2020-05-07 02:28:03.926  INFO 21612 --- [           main] c.s.controller.VideoControllerTest       : No active profile set, falling back to default profiles: default
2020-05-07 02:28:04.121  INFO 21612 --- [           main] .s.d.r.c.RepositoryConfigurationDelegate : Multiple Spring Data modules found, entering strict repository configuration mode!
2020-05-07 02:28:04.124  INFO 21612 --- [           main] .s.d.r.c.RepositoryConfigurationDelegate : Bootstrapping Spring Data repositories in DEFAULT mode.
2020-05-07 02:28:04.161  INFO 21612 --- [           main] .s.d.r.c.RepositoryConfigurationDelegate : Finished Spring Data repository scanning in 37ms. Found 5 repository interfaces.
2020-05-07 02:28:04.239  INFO 21612 --- [           main] trationDelegate$BeanPostProcessorChecker : Bean 'org.springframework.transaction.annotation.ProxyTransactionManagementConfiguration' of type [org.springframework.transaction.annotation.ProxyTransactionManagementConfiguration$$EnhancerBySpringCGLIB$$de1e3e1d] is not eligible for getting processed by all BeanPostProcessors (for example: not eligible for auto-proxying)
2020-05-07 02:28:04.310  INFO 21612 --- [           main] com.zaxxer.hikari.HikariDataSource       : HikariPool-2 - Starting...
2020-05-07 02:28:04.318  INFO 21612 --- [           main] com.zaxxer.hikari.HikariDataSource       : HikariPool-2 - Start completed.
2020-05-07 02:28:04.469  INFO 21612 --- [           main] liquibase.executor.jvm.JdbcExecutor      : SELECT COUNT(*) FROM public.databasechangeloglock
2020-05-07 02:28:04.475  INFO 21612 --- [           main] liquibase.executor.jvm.JdbcExecutor      : SELECT COUNT(*) FROM public.databasechangeloglock
2020-05-07 02:28:04.477  INFO 21612 --- [           main] liquibase.executor.jvm.JdbcExecutor      : SELECT LOCKED FROM public.databasechangeloglock WHERE ID=1
2020-05-07 02:28:04.481  INFO 21612 --- [           main] l.lockservice.StandardLockService        : Successfully acquired change log lock
2020-05-07 02:28:04.588  INFO 21612 --- [           main] liquibase.executor.jvm.JdbcExecutor      : SELECT MD5SUM FROM public.databasechangelog WHERE MD5SUM IS NOT NULL LIMIT 1
2020-05-07 02:28:04.589  INFO 21612 --- [           main] liquibase.executor.jvm.JdbcExecutor      : SELECT COUNT(*) FROM public.databasechangelog
2020-05-07 02:28:04.590  INFO 21612 --- [           main] l.c.StandardChangeLogHistoryService      : Reading from public.databasechangelog
2020-05-07 02:28:04.590  INFO 21612 --- [           main] liquibase.executor.jvm.JdbcExecutor      : SELECT * FROM public.databasechangelog ORDER BY DATEEXECUTED ASC, ORDEREXECUTED ASC
2020-05-07 02:28:04.609  INFO 21612 --- [           main] l.lockservice.StandardLockService        : Successfully released change log lock
2020-05-07 02:28:04.611  INFO 21612 --- [           main] com.zaxxer.hikari.HikariDataSource       : HikariPool-2 - Shutdown initiated...
2020-05-07 02:28:04.620  INFO 21612 --- [           main] com.zaxxer.hikari.HikariDataSource       : HikariPool-2 - Shutdown completed.
2020-05-07 02:28:04.668  INFO 21612 --- [           main] o.hibernate.jpa.internal.util.LogHelper  : HHH000204: Processing PersistenceUnitInfo [
	name: default
	...]
2020-05-07 02:28:04.674  INFO 21612 --- [           main] org.hibernate.dialect.Dialect            : HHH000400: Using dialect: org.hibernate.dialect.PostgreSQLDialect
2020-05-07 02:28:04.675  INFO 21612 --- [           main] o.h.e.j.e.i.LobCreatorBuilderImpl        : HHH000422: Disabling contextual LOB creation as connection was null
2020-05-07 02:28:04.676  INFO 21612 --- [           main] org.hibernate.type.BasicTypeRegistry     : HHH000270: Type registration [java.util.UUID] overrides previous : org.hibernate.type.UUIDBinaryType@44f23927
2020-05-07 02:28:04.781  INFO 21612 --- [           main] j.LocalContainerEntityManagerFactoryBean : Initialized JPA EntityManagerFactory for persistence unit 'default'
2020-05-07 02:28:04.784  WARN 21612 --- [           main] o.s.w.c.s.GenericWebApplicationContext   : Exception encountered during context initialization - cancelling refresh attempt: org.springframework.beans.factory.UnsatisfiedDependencyException: Error creating bean with name 'newsFeedController': Unsatisfied dependency expressed through field 'newsFeedService'; nested exception is org.springframework.beans.factory.NoSuchBeanDefinitionException: No qualifying bean of type 'com.socialservice.service.NewsFeedService' available: expected at least 1 bean which qualifies as autowire candidate. Dependency annotations: {@org.springframework.beans.factory.annotation.Autowired(required=true)}
2020-05-07 02:28:04.786  INFO 21612 --- [           main] j.LocalContainerEntityManagerFactoryBean : Closing JPA EntityManagerFactory for persistence unit 'default'
2020-05-07 02:28:04.788  INFO 21612 --- [           main] ConditionEvaluationReportLoggingListener : 

Error starting ApplicationContext. To display the conditions report re-run your application with 'debug' enabled.
2020-05-07 02:28:04.811 ERROR 21612 --- [           main] o.s.b.d.LoggingFailureAnalysisReporter   : 

***************************
APPLICATION FAILED TO START
***************************

Description:

Field newsFeedService in com.socialservice.controllers.NewsFeedController required a bean of type 'com.socialservice.service.NewsFeedService' that could not be found.

The injection point has the following annotations:
	- @org.springframework.beans.factory.annotation.Autowired(required=true)


Action:

Consider defining a bean of type 'com.socialservice.service.NewsFeedService' in your configuration.

2020-05-07 02:28:04.812 ERROR 21612 --- [           main] o.s.test.context.TestContextManager      : Caught exception while allowing TestExecutionListener [org.springframework.boot.test.mock.mockito.MockitoTestExecutionListener@5aae8eb5] to prepare test instance [com.socialservice.controller.VideoControllerTest@3437fc4f]

java.lang.IllegalStateException: Failed to load ApplicationContext
	at org.springframework.test.context.cache.DefaultCacheAwareContextLoaderDelegate.loadContext(DefaultCacheAwareContextLoaderDelegate.java:125) ~[spring-test-5.1.4.RELEASE.jar:5.1.4.RELEASE]
	at org.springframework.test.context.support.DefaultTestContext.getApplicationContext(DefaultTestContext.java:108) ~[spring-test-5.1.4.RELEASE.jar:5.1.4.RELEASE]
	at org.springframework.boot.test.mock.mockito.MockitoTestExecutionListener.postProcessFields(MockitoTestExecutionListener.java:99) ~[spring-boot-test-2.1.2.RELEASE.jar:2.1.2.RELEASE]
	at org.springframework.boot.test.mock.mockito.MockitoTestExecutionListener.injectFields(MockitoTestExecutionListener.java:79) ~[spring-boot-test-2.1.2.RELEASE.jar:2.1.2.RELEASE]
	at org.springframework.boot.test.mock.mockito.MockitoTestExecutionListener.prepareTestInstance(MockitoTestExecutionListener.java:54) ~[spring-boot-test-2.1.2.RELEASE.jar:2.1.2.RELEASE]
	at org.springframework.test.context.TestContextManager.prepareTestInstance(TestContextManager.java:246) ~[spring-test-5.1.4.RELEASE.jar:5.1.4.RELEASE]
	at org.springframework.test.context.junit4.SpringJUnit4ClassRunner.createTest(SpringJUnit4ClassRunner.java:227) [spring-test-5.1.4.RELEASE.jar:5.1.4.RELEASE]
	at org.springframework.test.context.junit4.SpringJUnit4ClassRunner$1.runReflectiveCall(SpringJUnit4ClassRunner.java:289) [spring-test-5.1.4.RELEASE.jar:5.1.4.RELEASE]
	at org.junit.internal.runners.model.ReflectiveCallable.run(ReflectiveCallable.java:12) [junit-4.13.jar:4.13]
	at org.springframework.test.context.junit4.SpringJUnit4ClassRunner.methodBlock(SpringJUnit4ClassRunner.java:291) [spring-test-5.1.4.RELEASE.jar:5.1.4.RELEASE]
	at org.springframework.test.context.junit4.SpringJUnit4ClassRunner.runChild(SpringJUnit4ClassRunner.java:246) [spring-test-5.1.4.RELEASE.jar:5.1.4.RELEASE]
	at org.springframework.test.context.junit4.SpringJUnit4ClassRunner.runChild(SpringJUnit4ClassRunner.java:97) [spring-test-5.1.4.RELEASE.jar:5.1.4.RELEASE]
	at org.junit.runners.ParentRunner$4.run(ParentRunner.java:331) [junit-4.13.jar:4.13]
	at org.junit.runners.ParentRunner$1.schedule(ParentRunner.java:79) [junit-4.13.jar:4.13]
	at org.junit.runners.ParentRunner.runChildren(ParentRunner.java:329) [junit-4.13.jar:4.13]
	at org.junit.runners.ParentRunner.access$100(ParentRunner.java:66) [junit-4.13.jar:4.13]
	at org.junit.runners.ParentRunner$2.evaluate(ParentRunner.java:293) [junit-4.13.jar:4.13]
	at org.springframework.test.context.junit4.statements.RunBeforeTestClassCallbacks.evaluate(RunBeforeTestClassCallbacks.java:61) [spring-test-5.1.4.RELEASE.jar:5.1.4.RELEASE]
	at org.springframework.test.context.junit4.statements.RunAfterTestClassCallbacks.evaluate(RunAfterTestClassCallbacks.java:70) [spring-test-5.1.4.RELEASE.jar:5.1.4.RELEASE]
	at org.junit.runners.ParentRunner$3.evaluate(ParentRunner.java:306) [junit-4.13.jar:4.13]
	at org.junit.runners.ParentRunner.run(ParentRunner.java:413) [junit-4.13.jar:4.13]
	at org.springframework.test.context.junit4.SpringJUnit4ClassRunner.run(SpringJUnit4ClassRunner.java:190) [spring-test-5.1.4.RELEASE.jar:5.1.4.RELEASE]
	at org.apache.maven.surefire.junit4.JUnit4Provider.execute(JUnit4Provider.java:365) [surefire-junit4-2.22.1.jar:2.22.1]
	at org.apache.maven.surefire.junit4.JUnit4Provider.executeWithRerun(JUnit4Provider.java:273) [surefire-junit4-2.22.1.jar:2.22.1]
	at org.apache.maven.surefire.junit4.JUnit4Provider.executeTestSet(JUnit4Provider.java:238) [surefire-junit4-2.22.1.jar:2.22.1]
	at org.apache.maven.surefire.junit4.JUnit4Provider.invoke(JUnit4Provider.java:159) [surefire-junit4-2.22.1.jar:2.22.1]
	at org.apache.maven.surefire.booter.ForkedBooter.invokeProviderInSameClassLoader(ForkedBooter.java:384) [surefire-booter-2.22.1.jar:2.22.1]
	at org.apache.maven.surefire.booter.ForkedBooter.runSuitesInProcess(ForkedBooter.java:345) [surefire-booter-2.22.1.jar:2.22.1]
	at org.apache.maven.surefire.booter.ForkedBooter.execute(ForkedBooter.java:126) [surefire-booter-2.22.1.jar:2.22.1]
	at org.apache.maven.surefire.booter.ForkedBooter.main(ForkedBooter.java:418) [surefire-booter-2.22.1.jar:2.22.1]
Caused by: org.springframework.beans.factory.UnsatisfiedDependencyException: Error creating bean with name 'newsFeedController': Unsatisfied dependency expressed through field 'newsFeedService'; nested exception is org.springframework.beans.factory.NoSuchBeanDefinitionException: No qualifying bean of type 'com.socialservice.service.NewsFeedService' available: expected at least 1 bean which qualifies as autowire candidate. Dependency annotations: {@org.springframework.beans.factory.annotation.Autowired(required=true)}
	at org.springframework.beans.factory.annotation.AutowiredAnnotationBeanPostProcessor$AutowiredFieldElement.inject(AutowiredAnnotationBeanPostProcessor.java:596) ~[spring-beans-5.1.4.RELEASE.jar:5.1.4.RELEASE]
	at org.springframework.beans.factory.annotation.InjectionMetadata.inject(InjectionMetadata.java:90) ~[spring-beans-5.1.4.RELEASE.jar:5.1.4.RELEASE]
	at org.springframework.beans.factory.annotation.AutowiredAnnotationBeanPostProcessor.postProcessProperties(AutowiredAnnotationBeanPostProcessor.java:374) ~[spring-beans-5.1.4.RELEASE.jar:5.1.4.RELEASE]
	at org.springframework.beans.factory.support.AbstractAutowireCapableBeanFactory.populateBean(AbstractAutowireCapableBeanFactory.java:1378) ~[spring-beans-5.1.4.RELEASE.jar:5.1.4.RELEASE]
	at org.springframework.beans.factory.support.AbstractAutowireCapableBeanFactory.doCreateBean(AbstractAutowireCapableBeanFactory.java:575) ~[spring-beans-5.1.4.RELEASE.jar:5.1.4.RELEASE]
	at org.springframework.beans.factory.support.AbstractAutowireCapableBeanFactory.createBean(AbstractAutowireCapableBeanFactory.java:498) ~[spring-beans-5.1.4.RELEASE.jar:5.1.4.RELEASE]
	at org.springframework.beans.factory.support.AbstractBeanFactory.lambda$doGetBean$0(AbstractBeanFactory.java:320) ~[spring-beans-5.1.4.RELEASE.jar:5.1.4.RELEASE]
	at org.springframework.beans.factory.support.DefaultSingletonBeanRegistry.getSingleton(DefaultSingletonBeanRegistry.java:222) ~[spring-beans-5.1.4.RELEASE.jar:5.1.4.RELEASE]
	at org.springframework.beans.factory.support.AbstractBeanFactory.doGetBean(AbstractBeanFactory.java:318) ~[spring-beans-5.1.4.RELEASE.jar:5.1.4.RELEASE]
	at org.springframework.beans.factory.support.AbstractBeanFactory.getBean(AbstractBeanFactory.java:199) ~[spring-beans-5.1.4.RELEASE.jar:5.1.4.RELEASE]
	at org.springframework.beans.factory.support.DefaultListableBeanFactory.preInstantiateSingletons(DefaultListableBeanFactory.java:846) ~[spring-beans-5.1.4.RELEASE.jar:5.1.4.RELEASE]
	at org.springframework.context.support.AbstractApplicationContext.finishBeanFactoryInitialization(AbstractApplicationContext.java:863) ~[spring-context-5.1.4.RELEASE.jar:5.1.4.RELEASE]
	at org.springframework.context.support.AbstractApplicationContext.refresh(AbstractApplicationContext.java:546) ~[spring-context-5.1.4.RELEASE.jar:5.1.4.RELEASE]
	at org.springframework.boot.SpringApplication.refresh(SpringApplication.java:775) ~[spring-boot-2.1.2.RELEASE.jar:2.1.2.RELEASE]
	at org.springframework.boot.SpringApplication.refreshContext(SpringApplication.java:397) ~[spring-boot-2.1.2.RELEASE.jar:2.1.2.RELEASE]
	at org.springframework.boot.SpringApplication.run(SpringApplication.java:316) ~[spring-boot-2.1.2.RELEASE.jar:2.1.2.RELEASE]
	at org.springframework.boot.test.context.SpringBootContextLoader.loadContext(SpringBootContextLoader.java:127) ~[spring-boot-test-2.1.2.RELEASE.jar:2.1.2.RELEASE]
	at org.springframework.test.context.cache.DefaultCacheAwareContextLoaderDelegate.loadContextInternal(DefaultCacheAwareContextLoaderDelegate.java:99) ~[spring-test-5.1.4.RELEASE.jar:5.1.4.RELEASE]
	at org.springframework.test.context.cache.DefaultCacheAwareContextLoaderDelegate.loadContext(DefaultCacheAwareContextLoaderDelegate.java:117) ~[spring-test-5.1.4.RELEASE.jar:5.1.4.RELEASE]
	... 29 common frames omitted
Caused by: org.springframework.beans.factory.NoSuchBeanDefinitionException: No qualifying bean of type 'com.socialservice.service.NewsFeedService' available: expected at least 1 bean which qualifies as autowire candidate. Dependency annotations: {@org.springframework.beans.factory.annotation.Autowired(required=true)}
	at org.springframework.beans.factory.support.DefaultListableBeanFactory.raiseNoMatchingBeanFound(DefaultListableBeanFactory.java:1651) ~[spring-beans-5.1.4.RELEASE.jar:5.1.4.RELEASE]
	at org.springframework.beans.factory.support.DefaultListableBeanFactory.doResolveDependency(DefaultListableBeanFactory.java:1210) ~[spring-beans-5.1.4.RELEASE.jar:5.1.4.RELEASE]
	at org.springframework.beans.factory.support.DefaultListableBeanFactory.resolveDependency(DefaultListableBeanFactory.java:1164) ~[spring-beans-5.1.4.RELEASE.jar:5.1.4.RELEASE]
	at org.springframework.beans.factory.annotation.AutowiredAnnotationBeanPostProcessor$AutowiredFieldElement.inject(AutowiredAnnotationBeanPostProcessor.java:593) ~[spring-beans-5.1.4.RELEASE.jar:5.1.4.RELEASE]
	... 47 common frames omitted

]]></system-out>
  </testcase>
</testsuite>